Mon Mar 22 15:29:00 2021,740 [39576] INFO VT - PearDatabase ->ADODB disconnect
Mon Mar 22 15:29:00 2021,778 [39576] DEBUG user - Entering Users() method ...
Mon Mar 22 15:29:00 2021,778 [39576] DEBUG VT - Entering getColumnFields(Users) method ...
Mon Mar 22 15:29:00 2021,778 [39576] DEBUG VT - in getColumnFields Users
Mon Mar 22 15:29:00 2021,778 [39576] DEBUG VT - Prepared sql query being executed : SELECT tabid, name, ownedby FROM vtiger_tab
Mon Mar 22 15:29:00 2021,780 [39576] DEBUG VT - Prepared sql query being executed : SELECT tabid, fieldname, fieldid, fieldlabel, columnname, tablename, uitype, typeofdata, presence
		FROM vtiger_field WHERE tabid in (?)
Mon Mar 22 15:29:00 2021,780 [39576] DEBUG VT - Prepared sql query parameters : [29]
Mon Mar 22 15:29:00 2021,782 [39576] DEBUG VT - Exiting getColumnFields method ...
Mon Mar 22 15:29:00 2021,783 [39576] DEBUG user - Exiting Users() method ...
Mon Mar 22 15:29:00 2021,783 [39576] DEBUG VT - Entering getColumnFields(Users) method ...
Mon Mar 22 15:29:00 2021,783 [39576] DEBUG VT - in getColumnFields Users
Mon Mar 22 15:29:00 2021,783 [39576] DEBUG VT - Exiting getColumnFields method ...
Mon Mar 22 15:29:00 2021,786 [39576] DEBUG VT - Prepared sql query being executed : SELECT * FROM vtiger_tab
Mon Mar 22 15:29:00 2021,788 [39576] DEBUG VT - Prepared sql query being executed : SELECT fieldname,modulename,tablename,entityidfield,entityidcolumn from vtiger_entityname
Mon Mar 22 15:29:00 2021,821 [39576] DEBUG VT - Entering isPermitted(Arrivages,DetailView,) method ...
Mon Mar 22 15:29:00 2021,822 [39576] DEBUG VT - Entering getActionid(DetailView) method ...
Mon Mar 22 15:29:00 2021,822 [39576] INFO VT - get Actionid DetailView
Mon Mar 22 15:29:00 2021,822 [39576] INFO VT - action id selected is 4
Mon Mar 22 15:29:00 2021,822 [39576] DEBUG VT - Exiting getActionid method ...
Mon Mar 22 15:29:00 2021,822 [39576] DEBUG VT - Exiting isPermitted method ...
Mon Mar 22 15:29:00 2021,823 [39576] DEBUG VT - Entering isPermitted(Arrivages,CreateView,) method ...
Mon Mar 22 15:29:00 2021,823 [39576] DEBUG VT - Entering getActionid(CreateView) method ...
Mon Mar 22 15:29:00 2021,823 [39576] INFO VT - get Actionid CreateView
Mon Mar 22 15:29:00 2021,823 [39576] INFO VT - action id selected is 7
Mon Mar 22 15:29:00 2021,823 [39576] DEBUG VT - Exiting getActionid method ...
Mon Mar 22 15:29:00 2021,823 [39576] DEBUG VT - Exiting isPermitted method ...
Mon Mar 22 15:29:00 2021,825 [39576] DEBUG VT - Entering getColumnFields(Arrivages) method ...
Mon Mar 22 15:29:00 2021,825 [39576] DEBUG VT - in getColumnFields Arrivages
Mon Mar 22 15:29:00 2021,825 [39576] DEBUG VT - Prepared sql query being executed : SELECT tabid, fieldname, fieldid, fieldlabel, columnname, tablename, uitype, typeofdata, presence
		FROM vtiger_field WHERE tabid in (?)
Mon Mar 22 15:29:00 2021,825 [39576] DEBUG VT - Prepared sql query parameters : [50]
Mon Mar 22 15:29:00 2021,826 [39576] DEBUG VT - Exiting getColumnFields method ...
Mon Mar 22 15:29:00 2021,826 [39576] DEBUG VT - Entering getColumnFields(Arrivages) method ...
Mon Mar 22 15:29:00 2021,826 [39576] DEBUG VT - in getColumnFields Arrivages
Mon Mar 22 15:29:00 2021,826 [39576] DEBUG VT - Exiting getColumnFields method ...
Mon Mar 22 15:29:00 2021,826 [39576] DEBUG VT - module name is Arrivages
Mon Mar 22 15:29:00 2021,826 [39576] DEBUG VT - Prepared sql query being executed : SELECT * FROM vtiger_eventhandlers WHERE is_active=true
Mon Mar 22 15:29:00 2021,829 [39576] INFO VT - PearDatabase ->TRANS Started
Mon Mar 22 15:29:00 2021,832 [39576] DEBUG VT - Prepared sql query being executed : insert into vtiger_crmentity (crmid,smcreatorid,smownerid,smgroupid,setype,description,modifiedby,createdtime,modifiedtime,source) values(?,?,?,?,?,?,?,?,?,?)
Mon Mar 22 15:29:00 2021,832 [39576] DEBUG VT - Prepared sql query parameters : [1746,1,1,0,Arrivages,,1,2021-03-22 15:29:00,2021-03-22 15:29:00,CRM]
Mon Mar 22 15:29:00 2021,833 [39576] INFO VT - function insertIntoEntityTable Arrivages vtiger_table name vtiger_arrivages
Mon Mar 22 15:29:00 2021,833 [39576] DEBUG VT - Prepared sql query being executed : select fieldname,columnname,uitype,generatedtype,typeofdata from vtiger_field where tabid=? and tablename=? and displaytype in (1,3,4,6) and vtiger_field.presence in (0,2)
Mon Mar 22 15:29:00 2021,833 [39576] DEBUG VT - Prepared sql query parameters : [50,vtiger_arrivages]
Mon Mar 22 15:29:00 2021,834 [39576] DEBUG VT - Prepared sql query being executed : insert into vtiger_arrivages(arrivagesid,name) values(?,?)
Mon Mar 22 15:29:00 2021,834 [39576] DEBUG VT - Prepared sql query parameters : [1746,Arrivage-210322]
Mon Mar 22 15:29:00 2021,835 [39576] INFO VT - function insertIntoEntityTable Arrivages vtiger_table name vtiger_arrivagescf
Mon Mar 22 15:29:00 2021,835 [39576] DEBUG VT - Prepared sql query being executed : select fieldname,columnname,uitype,generatedtype,typeofdata from vtiger_field where tabid=? and tablename=? and displaytype in (1,3,4,6) and vtiger_field.presence in (0,2)
Mon Mar 22 15:29:00 2021,835 [39576] DEBUG VT - Prepared sql query parameters : [50,vtiger_arrivagescf]
Mon Mar 22 15:29:00 2021,835 [39576] DEBUG VT - Prepared sql query being executed : insert into vtiger_arrivagescf(arrivagesid) values(?)
Mon Mar 22 15:29:00 2021,835 [39576] DEBUG VT - Prepared sql query parameters : [1746]
Mon Mar 22 15:29:00 2021,838 [39576] INFO VT - function insertIntoEntityTable Arrivages vtiger_table name vtiger_crmentity_user_field
Mon Mar 22 15:29:00 2021,838 [39576] DEBUG VT - Prepared sql query being executed : select fieldname,columnname,uitype,generatedtype,typeofdata from vtiger_field where tabid=? and tablename=? and displaytype in (1,3,4,6) and vtiger_field.presence in (0,2)
Mon Mar 22 15:29:00 2021,838 [39576] DEBUG VT - Prepared sql query parameters : [50,vtiger_crmentity_user_field]
Mon Mar 22 15:29:00 2021,838 [39576] DEBUG VT - Prepared sql query being executed : insert into vtiger_crmentity_user_field(recordid,userid) values(?,?)
Mon Mar 22 15:29:00 2021,838 [39576] DEBUG VT - Prepared sql query parameters : [1746,1]
Mon Mar 22 15:29:00 2021,839 [39576] INFO VT - PearDatabase ->TRANS  Commited
Mon Mar 22 15:29:00 2021,841 [39576] INFO VT - PearDatabase ->TRANS  Completed
Mon Mar 22 15:29:00 2021,841 [39576] DEBUG VT - Entering getColumnFields(Arrivages) method ...
Mon Mar 22 15:29:00 2021,841 [39576] DEBUG VT - in getColumnFields Arrivages
Mon Mar 22 15:29:00 2021,841 [39576] DEBUG VT - Exiting getColumnFields method ...
Mon Mar 22 15:29:00 2021,841 [39576] DEBUG VT - Entering getColumnFields(Arrivages) method ...
Mon Mar 22 15:29:00 2021,841 [39576] DEBUG VT - in getColumnFields Arrivages
Mon Mar 22 15:29:00 2021,841 [39576] DEBUG VT - Exiting getColumnFields method ...
Mon Mar 22 15:29:00 2021,841 [39576] DEBUG VT - Prepared sql query being executed : SELECT vtiger_arrivages.name AS vtiger_arrivagesname,vtiger_crmentity.smownerid AS vtiger_crmentityassigned_user_id,vtiger_crmentity.createdtime AS vtiger_crmentitycreatedtime,vtiger_crmentity.modifiedtime AS vtiger_crmentitymodifiedtime,vtiger_crmentity.deleted, vtiger_crmentity.label FROM  vtiger_crmentity LEFT JOIN vtiger_arrivages ON (vtiger_arrivages.arrivagesid = vtiger_crmentity.crmid  ) LEFT JOIN vtiger_arrivagescf ON (vtiger_arrivagescf.arrivagesid = vtiger_crmentity.crmid  ) LEFT JOIN vtiger_crmentity_user_field ON (vtiger_crmentity_user_field.recordid = vtiger_crmentity.crmid  AND vtiger_crmentity_user_field.userid = 1 ) WHERE  vtiger_crmentity.crmid=?  LIMIT 1
Mon Mar 22 15:29:00 2021,841 [39576] DEBUG VT - Prepared sql query parameters : [1746]
Mon Mar 22 15:29:00 2021,845 [39576] DEBUG VT - Prepared sql query being executed : SELECT *  FROM vtiger_freetags 
					INNER JOIN vtiger_freetagged_objects ON vtiger_freetags.id = vtiger_freetagged_objects.tag_id 
					WHERE (vtiger_freetagged_objects.tagger_id = ? OR vtiger_freetags.visibility='public')  AND vtiger_freetagged_objects.module=? AND vtiger_freetagged_objects.object_id=? ORDER BY tagged_on 
Mon Mar 22 15:29:00 2021,845 [39576] DEBUG VT - Prepared sql query parameters : [1,Arrivages,1746]
Mon Mar 22 15:29:00 2021,851 [39576] DEBUG VT - Prepared sql query being executed : SELECT id FROM vtiger_users WHERE is_admin = 'on' AND status = 'Active' AND is_owner = 1 limit 1
Mon Mar 22 15:29:00 2021,851 [39576] DEBUG user - Entering Users() method ...
Mon Mar 22 15:29:00 2021,851 [39576] DEBUG VT - Entering getColumnFields(Users) method ...
Mon Mar 22 15:29:00 2021,851 [39576] DEBUG VT - in getColumnFields Users
Mon Mar 22 15:29:00 2021,851 [39576] DEBUG VT - Exiting getColumnFields method ...
Mon Mar 22 15:29:00 2021,851 [39576] DEBUG user - Exiting Users() method ...
Mon Mar 22 15:29:00 2021,851 [39576] DEBUG VT - Prepared sql query being executed : select * from vtiger_ws_entity where name=?
Mon Mar 22 15:29:00 2021,852 [39576] DEBUG VT - Prepared sql query parameters : [Arrivages]
Mon Mar 22 15:29:00 2021,852 [39576] DEBUG VT - Prepared sql query being executed : select * from vtiger_ws_entity where id=?
Mon Mar 22 15:29:00 2021,852 [39576] DEBUG VT - Prepared sql query parameters : [36x1746]
Mon Mar 22 15:29:00 2021,853 [39576] DEBUG VT - Entering getColumnFields(Arrivages) method ...
Mon Mar 22 15:29:00 2021,853 [39576] DEBUG VT - in getColumnFields Arrivages
Mon Mar 22 15:29:00 2021,853 [39576] DEBUG VT - Exiting getColumnFields method ...
Mon Mar 22 15:29:00 2021,853 [39576] DEBUG VT - Entering getColumnFields(Arrivages) method ...
Mon Mar 22 15:29:00 2021,853 [39576] DEBUG VT - in getColumnFields Arrivages
Mon Mar 22 15:29:00 2021,853 [39576] DEBUG VT - Exiting getColumnFields method ...
Mon Mar 22 15:29:00 2021,853 [39576] DEBUG VT - Prepared sql query being executed : select setype from vtiger_crmentity where crmid=? and deleted=0
Mon Mar 22 15:29:00 2021,853 [39576] DEBUG VT - Prepared sql query parameters : [1746]
Mon Mar 22 15:29:00 2021,854 [39576] DEBUG VT - Entering getPermittedModuleNames() method ...
Mon Mar 22 15:29:00 2021,854 [39576] DEBUG VT - Exiting getPermittedModuleNames method ...
Mon Mar 22 15:29:00 2021,854 [39576] DEBUG VT - Prepared sql query being executed : select name,id,ismodule from vtiger_ws_entity
Mon Mar 22 15:29:00 2021,854 [39576] INFO VT - PearDatabase ->ADODB fetchByAssoc return null
Mon Mar 22 15:29:00 2021,854 [39576] DEBUG VT - Prepared sql query being executed : select * from vtiger_ws_entity
Mon Mar 22 15:29:00 2021,856 [39576] DEBUG VT - Prepared sql query being executed : select table_name, webservice_entity_id from vtiger_ws_entity_tables
Mon Mar 22 15:29:00 2021,869 [39576] DEBUG VT - Prepared sql query being executed : SELECT DISTINCT block, vtiger_field.tabid, name, blocklabel FROM vtiger_field INNER JOIN vtiger_blocks ON vtiger_blocks.blockid = vtiger_field.block INNER JOIN vtiger_tab ON vtiger_tab.tabid = vtiger_field.tabid WHERE vtiger_tab.name IN (?) AND vtiger_field.presence IN (0,2) ORDER BY block
Mon Mar 22 15:29:00 2021,869 [39576] DEBUG VT - Prepared sql query parameters : [Arrivages]
Mon Mar 22 15:29:00 2021,871 [39576] DEBUG VT - Prepared sql query being executed : select *, '0' as readonly from vtiger_field where tabid =? and block in (?) and displaytype in (1,2,3,4,5,6)
Mon Mar 22 15:29:00 2021,871 [39576] DEBUG VT - Prepared sql query parameters : [50,124]
Mon Mar 22 15:29:00 2021,872 [39576] DEBUG VT - Entering isPermitted(Arrivages,DetailView,1746) method ...
Mon Mar 22 15:29:00 2021,872 [39576] DEBUG VT - Entering getActionid(DetailView) method ...
Mon Mar 22 15:29:00 2021,872 [39576] INFO VT - get Actionid DetailView
Mon Mar 22 15:29:00 2021,872 [39576] INFO VT - action id selected is 4
Mon Mar 22 15:29:00 2021,872 [39576] DEBUG VT - Exiting getActionid method ...
Mon Mar 22 15:29:00 2021,872 [39576] DEBUG VT - Exiting isPermitted method ...
Mon Mar 22 15:29:00 2021,872 [39576] DEBUG VT - Prepared sql query being executed : select 1 from vtiger_crmentity where crmid=? and deleted=0 and setype='Arrivages'
Mon Mar 22 15:29:00 2021,872 [39576] DEBUG VT - Prepared sql query parameters : [1746]
Mon Mar 22 15:29:00 2021,873 [39576] DEBUG VT - Entering getColumnFields(Arrivages) method ...
Mon Mar 22 15:29:00 2021,873 [39576] DEBUG VT - in getColumnFields Arrivages
Mon Mar 22 15:29:00 2021,873 [39576] DEBUG VT - Exiting getColumnFields method ...
Mon Mar 22 15:29:00 2021,873 [39576] DEBUG VT - Entering getColumnFields(Arrivages) method ...
Mon Mar 22 15:29:00 2021,873 [39576] DEBUG VT - in getColumnFields Arrivages
Mon Mar 22 15:29:00 2021,873 [39576] DEBUG VT - Exiting getColumnFields method ...
Mon Mar 22 15:29:00 2021,873 [39576] INFO VT - PearDatabase ->TRANS Started
Mon Mar 22 15:29:00 2021,873 [39576] DEBUG VT - Prepared sql query being executed : SELECT vtiger_arrivages.name AS vtiger_arrivagesname,vtiger_crmentity.smownerid AS vtiger_crmentityassigned_user_id,vtiger_crmentity.createdtime AS vtiger_crmentitycreatedtime,vtiger_crmentity.modifiedtime AS vtiger_crmentitymodifiedtime,vtiger_crmentity.deleted, vtiger_crmentity.label FROM  vtiger_crmentity LEFT JOIN vtiger_arrivages ON (vtiger_arrivages.arrivagesid = vtiger_crmentity.crmid  ) LEFT JOIN vtiger_arrivagescf ON (vtiger_arrivagescf.arrivagesid = vtiger_crmentity.crmid  ) LEFT JOIN vtiger_crmentity_user_field ON (vtiger_crmentity_user_field.recordid = vtiger_crmentity.crmid  AND vtiger_crmentity_user_field.userid = 1 ) WHERE  vtiger_crmentity.crmid=?  LIMIT 1
Mon Mar 22 15:29:00 2021,873 [39576] DEBUG VT - Prepared sql query parameters : [1746]
Mon Mar 22 15:29:00 2021,874 [39576] DEBUG VT - Prepared sql query being executed : SELECT *  FROM vtiger_freetags 
					INNER JOIN vtiger_freetagged_objects ON vtiger_freetags.id = vtiger_freetagged_objects.tag_id 
					WHERE (vtiger_freetagged_objects.tagger_id = ? OR vtiger_freetags.visibility='public')  AND vtiger_freetagged_objects.module=? AND vtiger_freetagged_objects.object_id=? ORDER BY tagged_on 
Mon Mar 22 15:29:00 2021,874 [39576] DEBUG VT - Prepared sql query parameters : [1,Arrivages,1746]
Mon Mar 22 15:29:00 2021,874 [39576] INFO VT - PearDatabase ->TRANS  Commited
Mon Mar 22 15:29:00 2021,874 [39576] INFO VT - PearDatabase ->TRANS  Completed
Mon Mar 22 15:29:00 2021,874 [39576] DEBUG VT - Prepared sql query being executed : select * from vtiger_ws_fieldtype
Mon Mar 22 15:29:00 2021,876 [39576] DEBUG VT - Prepared sql query being executed : select groupname from vtiger_groups where groupid = ?
Mon Mar 22 15:29:00 2021,876 [39576] DEBUG VT - Prepared sql query parameters : [1]
Mon Mar 22 15:29:00 2021,877 [39576] DEBUG VT - Prepared sql query being executed : select first_name from vtiger_users where id = ?
Mon Mar 22 15:29:00 2021,877 [39576] DEBUG VT - Prepared sql query parameters : [1]
Mon Mar 22 15:29:00 2021,877 [39576] DEBUG VT - Prepared sql query being executed : select name from vtiger_ws_entity where id=?
Mon Mar 22 15:29:00 2021,877 [39576] DEBUG VT - Prepared sql query parameters : [36]
Mon Mar 22 15:29:00 2021,877 [39576] INFO VT - PearDatabase ->ADODB getColumnNames table=com_vtiger_workflows
Mon Mar 22 15:29:00 2021,878 [39576] DEBUG VT - Prepared sql query being executed : select workflow_id, module_name, summary, test, execution_condition, defaultworkflow, type, filtersavedinnew
								from com_vtiger_workflows where module_name=? and status=?
Mon Mar 22 15:29:00 2021,878 [39576] DEBUG VT - Prepared sql query parameters : [Arrivages,1]
Mon Mar 22 15:29:00 2021,881 [39576] DEBUG VT - Prepared sql query being executed : SELECT name, arrivagesid AS id FROM vtiger_arrivages WHERE arrivagesid IN (?)
Mon Mar 22 15:29:00 2021,881 [39576] DEBUG VT - Prepared sql query parameters : [1746]
Mon Mar 22 15:29:00 2021,881 [39576] DEBUG VT - Prepared sql query being executed : UPDATE vtiger_crmentity SET label=? WHERE crmid=?
Mon Mar 22 15:29:00 2021,881 [39576] DEBUG VT - Prepared sql query parameters : [Arrivage-210322,1746]
Mon Mar 22 15:29:00 2021,885 [39576] DEBUG VT - Entering getPermittedModuleNames() method ...
Mon Mar 22 15:29:00 2021,885 [39576] DEBUG VT - Exiting getPermittedModuleNames method ...
Mon Mar 22 15:29:00 2021,885 [39576] DEBUG VT - Prepared sql query being executed : SELECT distinct(vtiger_field.tabid) as tabid FROM vtiger_field LEFT JOIN vtiger_ws_fieldtype ON vtiger_field.uitype=vtiger_ws_fieldtype.uitype
				 INNER JOIN vtiger_profile2field ON vtiger_field.fieldid = vtiger_profile2field.fieldid
				 INNER JOIN vtiger_def_org_field ON vtiger_def_org_field.fieldid = vtiger_field.fieldid
				 INNER JOIN vtiger_role2profile ON vtiger_profile2field.profileid = vtiger_role2profile.profileid
				 INNER JOIN vtiger_user2role ON vtiger_user2role.roleid = vtiger_role2profile.roleid
				 where vtiger_profile2field.visible=0 and vtiger_def_org_field.visible = 0
				 and vtiger_field.presence in (0,2)
				 and vtiger_user2role.userid=? and fieldtype in (?)
Mon Mar 22 15:29:00 2021,885 [39576] DEBUG VT - Prepared sql query parameters : [1,email]
Mon Mar 22 15:29:00 2021,892 [39576] DEBUG VT - Prepared sql query being executed : select name from vtiger_ws_entity inner join vtiger_ws_entity_tables on vtiger_ws_entity.id=vtiger_ws_entity_tables.webservice_entity_id inner join vtiger_ws_entity_fieldtype on vtiger_ws_entity_fieldtype.table_name=vtiger_ws_entity_tables.table_name where fieldtype=(?)
Mon Mar 22 15:29:00 2021,892 [39576] DEBUG VT - Prepared sql query parameters : [email]
Mon Mar 22 15:29:00 2021,894 [39576] DEBUG VT - Prepared sql query being executed : select name,id,ismodule from vtiger_ws_entity
Mon Mar 22 15:29:00 2021,895 [39576] INFO VT - PearDatabase ->ADODB fetchByAssoc return null
Mon Mar 22 15:29:00 2021,901 [39576] DEBUG VT - Prepared sql query being executed : SELECT userid FROM vtiger_crmentity_user_field WHERE recordid = ? AND starred = ? AND userid != ?
Mon Mar 22 15:29:00 2021,901 [39576] DEBUG VT - Prepared sql query parameters : [1746,1,1]
Mon Mar 22 15:29:00 2021,906 [39576] DEBUG user - Entering Users() method ...
Mon Mar 22 15:29:00 2021,906 [39576] DEBUG VT - Entering getColumnFields(Users) method ...
Mon Mar 22 15:29:00 2021,906 [39576] DEBUG VT - in getColumnFields Users
Mon Mar 22 15:29:00 2021,906 [39576] DEBUG VT - Exiting getColumnFields method ...
Mon Mar 22 15:29:00 2021,906 [39576] DEBUG user - Exiting Users() method ...
Mon Mar 22 15:29:00 2021,906 [39576] DEBUG VT - Entering getColumnFields(Users) method ...
Mon Mar 22 15:29:00 2021,906 [39576] DEBUG VT - in getColumnFields Users
Mon Mar 22 15:29:00 2021,906 [39576] DEBUG VT - Exiting getColumnFields method ...
Mon Mar 22 15:29:00 2021,906 [39576] DEBUG VT - Entering into retrieve_entity_info(1, Users) method.
Mon Mar 22 15:29:00 2021,906 [39576] DEBUG VT - Prepared sql query being executed : select * from vtiger_users where id=?
Mon Mar 22 15:29:00 2021,906 [39576] DEBUG VT - Prepared sql query parameters : [1]
Mon Mar 22 15:29:00 2021,907 [39576] DEBUG VT - Prepared sql query being executed : select * from vtiger_attachments where attachmentsid=?
Mon Mar 22 15:29:00 2021,907 [39576] DEBUG VT - Prepared sql query parameters : [1]
Mon Mar 22 15:29:00 2021,908 [39576] DEBUG VT - Prepared sql query being executed : select * from vtiger_user2role where userid=?
Mon Mar 22 15:29:00 2021,908 [39576] DEBUG VT - Prepared sql query parameters : [1]
Mon Mar 22 15:29:00 2021,909 [39576] DEBUG VT - Prepared sql query being executed : select * from vtiger_asteriskextensions where userid=?
Mon Mar 22 15:29:00 2021,910 [39576] DEBUG VT - Prepared sql query parameters : [1]
Mon Mar 22 15:29:00 2021,911 [39576] DEBUG VT - Prepared sql query being executed : select columnname, tablename, fieldname from vtiger_field where tabid=? and vtiger_field.presence in (0,2)
Mon Mar 22 15:29:00 2021,912 [39576] DEBUG VT - Prepared sql query parameters : [29]
Mon Mar 22 15:29:00 2021,915 [39576] DEBUG VT - Prepared sql query being executed : select * from vtiger_currency_info where id=? and currency_status='Active' and deleted=0
Mon Mar 22 15:29:00 2021,915 [39576] DEBUG VT - Prepared sql query parameters : [1]
Mon Mar 22 15:29:00 2021,916 [39576] DEBUG VT - Exit from retrieve_entity_info(1, Users) method.
Mon Mar 22 15:29:00 2021,916 [39576] DEBUG VT - Prepared sql query being executed : SELECT * FROM vtiger_modtracker_tabs WHERE vtiger_modtracker_tabs.visible = 1
								   AND vtiger_modtracker_tabs.tabid=?
Mon Mar 22 15:29:00 2021,916 [39576] DEBUG VT - Prepared sql query parameters : [50]
Mon Mar 22 15:29:00 2021,916 [39576] DEBUG VT - Prepared sql query being executed : SELECT productid,qtyinstock
            FROM vtiger_products
            INNER JOIN vtiger_crmentity ON vtiger_crmentity.crmid =vtiger_products.productid            
            WHERE codebarre=? and deleted = 0
Mon Mar 22 15:29:00 2021,916 [39576] DEBUG VT - Prepared sql query parameters : [cxv001]
Mon Mar 22 15:29:00 2021,917 [39576] DEBUG VT - Prepared sql query being executed : UPDATE vtiger_products SET qtyinstock = ? WHERE productid =?
Mon Mar 22 15:29:00 2021,917 [39576] DEBUG VT - Prepared sql query parameters : [107,1087]
Mon Mar 22 15:29:01 2021,079 [39580] INFO VT - PearDatabase ->ADODB disconnect
Mon Mar 22 15:29:01 2021,087 [39580] DEBUG user - Entering Users() method ...
Mon Mar 22 15:29:01 2021,087 [39580] DEBUG VT - Entering getColumnFields(Users) method ...
Mon Mar 22 15:29:01 2021,087 [39580] DEBUG VT - in getColumnFields Users
Mon Mar 22 15:29:01 2021,087 [39580] DEBUG VT - Prepared sql query being executed : SELECT tabid, name, ownedby FROM vtiger_tab
Mon Mar 22 15:29:01 2021,088 [39580] DEBUG VT - Prepared sql query being executed : SELECT tabid, fieldname, fieldid, fieldlabel, columnname, tablename, uitype, typeofdata, presence
		FROM vtiger_field WHERE tabid in (?)
Mon Mar 22 15:29:01 2021,088 [39580] DEBUG VT - Prepared sql query parameters : [29]
Mon Mar 22 15:29:01 2021,089 [39580] DEBUG VT - Exiting getColumnFields method ...
Mon Mar 22 15:29:01 2021,089 [39580] DEBUG user - Exiting Users() method ...
Mon Mar 22 15:29:01 2021,089 [39580] DEBUG VT - Entering getColumnFields(Users) method ...
Mon Mar 22 15:29:01 2021,089 [39580] DEBUG VT - in getColumnFields Users
Mon Mar 22 15:29:01 2021,089 [39580] DEBUG VT - Exiting getColumnFields method ...
Mon Mar 22 15:29:01 2021,092 [39580] DEBUG VT - Prepared sql query being executed : SELECT * FROM vtiger_tab
Mon Mar 22 15:29:01 2021,092 [39580] DEBUG VT - Prepared sql query being executed : SELECT fieldname,modulename,tablename,entityidfield,entityidcolumn from vtiger_entityname
Mon Mar 22 15:29:01 2021,121 [39580] DEBUG VT - Entering isPermitted(Arrivages,DetailView,1746) method ...
Mon Mar 22 15:29:01 2021,121 [39580] DEBUG VT - Entering getActionid(DetailView) method ...
Mon Mar 22 15:29:01 2021,121 [39580] INFO VT - get Actionid DetailView
Mon Mar 22 15:29:01 2021,122 [39580] INFO VT - action id selected is 4
Mon Mar 22 15:29:01 2021,122 [39580] DEBUG VT - Exiting getActionid method ...
Mon Mar 22 15:29:01 2021,122 [39580] DEBUG VT - Exiting isPermitted method ...
Mon Mar 22 15:29:01 2021,122 [39580] DEBUG VT - Entering isPermitted(Arrivages,DetailView,1746) method ...
Mon Mar 22 15:29:01 2021,122 [39580] DEBUG VT - Entering getActionid(DetailView) method ...
Mon Mar 22 15:29:01 2021,122 [39580] INFO VT - get Actionid DetailView
Mon Mar 22 15:29:01 2021,122 [39580] INFO VT - action id selected is 4
Mon Mar 22 15:29:01 2021,122 [39580] DEBUG VT - Exiting getActionid method ...
Mon Mar 22 15:29:01 2021,122 [39580] DEBUG VT - Exiting isPermitted method ...
Mon Mar 22 15:29:01 2021,123 [39580] DEBUG VT - Prepared sql query being executed : SELECT crmid, setype, label FROM vtiger_crmentity WHERE crmid=?
Mon Mar 22 15:29:01 2021,123 [39580] DEBUG VT - Prepared sql query parameters : [1746]
Mon Mar 22 15:29:01 2021,123 [39580] DEBUG VT - Prepared sql query being executed : SELECT label from vtiger_crmentity where crmid=?
Mon Mar 22 15:29:01 2021,123 [39580] DEBUG VT - Prepared sql query parameters : [1746]
Mon Mar 22 15:29:01 2021,125 [39580] DEBUG VT - Prepared sql query being executed : SELECT * FROM vtiger_links WHERE linktype IN (?) 
Mon Mar 22 15:29:01 2021,125 [39580] DEBUG VT - Prepared sql query parameters : [HEADERSCRIPT]
Mon Mar 22 15:29:01 2021,126 [39580] DEBUG VT - Prepared sql query being executed : SELECT * FROM vtiger_links WHERE linktype IN (?) 
Mon Mar 22 15:29:01 2021,126 [39580] DEBUG VT - Prepared sql query parameters : [HEADERCSS]
Mon Mar 22 15:29:01 2021,129 [39580] DEBUG VT - Prepared sql query being executed : SELECT * FROM vtiger_currency_info
Mon Mar 22 15:29:01 2021,129 [39580] DEBUG VT - Prepared sql query being executed : SELECT modulename,tablename,entityidfield,fieldname FROM vtiger_entityname
Mon Mar 22 15:29:01 2021,130 [39580] DEBUG VT - Prepared sql query being executed : SELECT * FROM vtiger_tab WHERE presence IN (?,?)
Mon Mar 22 15:29:01 2021,130 [39580] DEBUG VT - Prepared sql query parameters : [0,2]
Mon Mar 22 15:29:01 2021,138 [39580] DEBUG VT - Prepared sql query being executed : SELECT fieldname,modulename,tablename,entityidfield,entityidcolumn from vtiger_entityname
Mon Mar 22 15:29:01 2021,141 [39580] DEBUG VT - Prepared sql query being executed : SELECT fieldname,modulename,tablename,entityidfield,entityidcolumn from vtiger_entityname
Mon Mar 22 15:29:01 2021,144 [39580] DEBUG VT - Prepared sql query being executed : SELECT * FROM vtiger_organizationdetails WHERE organization_id=?
Mon Mar 22 15:29:01 2021,144 [39580] DEBUG VT - Prepared sql query parameters : [1]
Mon Mar 22 15:29:01 2021,145 [39580] DEBUG VT - Entering getDisplayDate(2021-3-22) method ...
Mon Mar 22 15:29:01 2021,145 [39580] DEBUG VT - Exiting getDisplayDate method ...
Mon Mar 22 15:29:01 2021,146 [39580] DEBUG VT - Prepared sql query being executed : SELECT * FROM vtiger_app2tab WHERE visible = ? ORDER BY appname,sequence
Mon Mar 22 15:29:01 2021,146 [39580] DEBUG VT - Prepared sql query parameters : [1]
Mon Mar 22 15:29:01 2021,149 [39580] DEBUG VT - Prepared sql query being executed : SELECT * FROM vtiger_links WHERE linktype IN (?) 
Mon Mar 22 15:29:01 2021,149 [39580] DEBUG VT - Prepared sql query parameters : [HEADERLINK]
Mon Mar 22 15:29:01 2021,150 [39580] DEBUG VT - Prepared sql query being executed :  select * from vtiger_announcement inner join vtiger_users on vtiger_announcement.creatorid=vtiger_users.id AND vtiger_users.is_admin='on' AND vtiger_users.status='Active' AND vtiger_users.deleted = 0
Mon Mar 22 15:29:01 2021,151 [39580] DEBUG VT - Prepared sql query being executed : SELECT * FROM vtiger_actionmapping
Mon Mar 22 15:29:01 2021,151 [39580] DEBUG VT - Prepared sql query being executed : SELECT * FROM vtiger_links WHERE (tabid=? OR tabid=0) AND linktype IN (?,?)
Mon Mar 22 15:29:01 2021,151 [39580] DEBUG VT - Prepared sql query parameters : [50,SIDEBARLINK,SIDEBARWIDGET]
Mon Mar 22 15:29:01 2021,154 [39580] DEBUG VT - Prepared sql query being executed : SELECT * FROM vtiger_field WHERE tabid=? ORDER BY sequence
Mon Mar 22 15:29:01 2021,154 [39580] DEBUG VT - Prepared sql query parameters : [50]
Mon Mar 22 15:29:01 2021,154 [39580] DEBUG VT - Prepared sql query being executed : SELECT * FROM vtiger_blocks WHERE blockid=?
Mon Mar 22 15:29:01 2021,154 [39580] DEBUG VT - Prepared sql query parameters : [124]
Mon Mar 22 15:29:01 2021,154 [39580] DEBUG VT - Prepared sql query being executed : SELECT * FROM vtiger_blocks WHERE blockid=?
Mon Mar 22 15:29:01 2021,154 [39580] DEBUG VT - Prepared sql query parameters : [124]
Mon Mar 22 15:29:01 2021,154 [39580] DEBUG VT - Prepared sql query being executed : SELECT * FROM vtiger_blocks WHERE blockid=?
Mon Mar 22 15:29:01 2021,155 [39580] DEBUG VT - Prepared sql query parameters : [124]
Mon Mar 22 15:29:01 2021,155 [39580] DEBUG VT - Prepared sql query being executed : SELECT * FROM vtiger_blocks WHERE blockid=?
Mon Mar 22 15:29:01 2021,155 [39580] DEBUG VT - Prepared sql query parameters : [124]
Mon Mar 22 15:29:01 2021,155 [39580] DEBUG VT - Prepared sql query being executed : select * from vtiger_ws_fieldtype
Mon Mar 22 15:29:01 2021,156 [39580] DEBUG VT - Prepared sql query being executed : SELECT * FROM vtiger_role WHERE roleid = ?
Mon Mar 22 15:29:01 2021,156 [39580] DEBUG VT - Prepared sql query parameters : [H2]
Mon Mar 22 15:29:01 2021,156 [39580] DEBUG VT - Entering get_user_array(,ACTIVE,,) method ...
Mon Mar 22 15:29:01 2021,157 [39580] DEBUG VT - Sharing is Public. All vtiger_users should be listed
Mon Mar 22 15:29:01 2021,157 [39580] DEBUG VT - Prepared sql query being executed : SELECT id, user_name,first_name,last_name from vtiger_users WHERE status=? and (user_name != 'admin' OR is_owner=1) order by user_name ASC
Mon Mar 22 15:29:01 2021,157 [39580] DEBUG VT - Prepared sql query parameters : [ACTIVE]
Mon Mar 22 15:29:01 2021,157 [39580] INFO VT - PearDatabase ->ADODB fetchByAssoc return null
Mon Mar 22 15:29:01 2021,157 [39580] DEBUG VT - Exiting get_user_array method ...
Mon Mar 22 15:29:01 2021,157 [39580] DEBUG VT - Entering get_user_array(,ACTIVE,,) method ...
Mon Mar 22 15:29:01 2021,157 [39580] DEBUG VT - Sharing is Public. All vtiger_users should be listed
Mon Mar 22 15:29:01 2021,157 [39580] DEBUG VT - Prepared sql query being executed : SELECT groupid, groupname from vtiger_groups order by groupname ASC
Mon Mar 22 15:29:01 2021,158 [39580] INFO VT - PearDatabase ->ADODB fetchByAssoc return null
Mon Mar 22 15:29:01 2021,158 [39580] DEBUG VT - Exiting get_user_array method ...
Mon Mar 22 15:29:01 2021,159 [39580] DEBUG VT - Entering isPermitted(Arrivages,CreateView,) method ...
Mon Mar 22 15:29:01 2021,159 [39580] DEBUG VT - Entering getActionid(CreateView) method ...
Mon Mar 22 15:29:01 2021,159 [39580] INFO VT - get Actionid CreateView
Mon Mar 22 15:29:01 2021,159 [39580] INFO VT - action id selected is 7
Mon Mar 22 15:29:01 2021,159 [39580] DEBUG VT - Exiting getActionid method ...
Mon Mar 22 15:29:01 2021,159 [39580] DEBUG VT - Exiting isPermitted method ...
Mon Mar 22 15:29:01 2021,159 [39580] DEBUG VT - Entering isPermitted(Arrivages,Import,) method ...
Mon Mar 22 15:29:01 2021,159 [39580] DEBUG VT - Entering getActionid(Import) method ...
Mon Mar 22 15:29:01 2021,159 [39580] INFO VT - get Actionid Import
Mon Mar 22 15:29:01 2021,159 [39580] INFO VT - action id selected is 5
Mon Mar 22 15:29:01 2021,159 [39580] DEBUG VT - Exiting getActionid method ...
Mon Mar 22 15:29:01 2021,159 [39580] DEBUG VT - Exiting isPermitted method ...
Mon Mar 22 15:29:01 2021,161 [39580] DEBUG VT - Entering getColumnFields(Arrivages) method ...
Mon Mar 22 15:29:01 2021,161 [39580] DEBUG VT - in getColumnFields Arrivages
Mon Mar 22 15:29:01 2021,161 [39580] DEBUG VT - Exiting getColumnFields method ...
Mon Mar 22 15:29:01 2021,161 [39580] DEBUG VT - Entering getColumnFields(Arrivages) method ...
Mon Mar 22 15:29:01 2021,161 [39580] DEBUG VT - in getColumnFields Arrivages
Mon Mar 22 15:29:01 2021,161 [39580] DEBUG VT - Exiting getColumnFields method ...
Mon Mar 22 15:29:01 2021,162 [39580] DEBUG VT - Prepared sql query being executed : SELECT vtiger_arrivages.name AS vtiger_arrivagesname,vtiger_crmentity.smownerid AS vtiger_crmentityassigned_user_id,vtiger_crmentity.createdtime AS vtiger_crmentitycreatedtime,vtiger_crmentity.modifiedtime AS vtiger_crmentitymodifiedtime,vtiger_crmentity.deleted, vtiger_crmentity.label FROM  vtiger_crmentity LEFT JOIN vtiger_arrivages ON (vtiger_arrivages.arrivagesid = vtiger_crmentity.crmid  ) LEFT JOIN vtiger_arrivagescf ON (vtiger_arrivagescf.arrivagesid = vtiger_crmentity.crmid  ) LEFT JOIN vtiger_crmentity_user_field ON (vtiger_crmentity_user_field.recordid = vtiger_crmentity.crmid  AND vtiger_crmentity_user_field.userid = 1 ) WHERE  vtiger_crmentity.crmid=?  LIMIT 1
Mon Mar 22 15:29:01 2021,162 [39580] DEBUG VT - Prepared sql query parameters : [1746]
Mon Mar 22 15:29:01 2021,163 [39580] DEBUG VT - Prepared sql query being executed : SELECT *  FROM vtiger_freetags 
					INNER JOIN vtiger_freetagged_objects ON vtiger_freetags.id = vtiger_freetagged_objects.tag_id 
					WHERE (vtiger_freetagged_objects.tagger_id = ? OR vtiger_freetags.visibility='public')  AND vtiger_freetagged_objects.module=? AND vtiger_freetagged_objects.object_id=? ORDER BY tagged_on 
Mon Mar 22 15:29:01 2021,163 [39580] DEBUG VT - Prepared sql query parameters : [1,Arrivages,1746]
Mon Mar 22 15:29:01 2021,164 [39580] DEBUG VT - Prepared sql query being executed : SELECT * FROM vtiger_blocks WHERE tabid=? ORDER BY sequence
Mon Mar 22 15:29:01 2021,164 [39580] DEBUG VT - Prepared sql query parameters : [50]
Mon Mar 22 15:29:01 2021,165 [39580] DEBUG VT - Entering isPermitted(Arrivages,EditView,1746) method ...
Mon Mar 22 15:29:01 2021,165 [39580] DEBUG VT - Entering getActionid(EditView) method ...
Mon Mar 22 15:29:01 2021,165 [39580] INFO VT - get Actionid EditView
Mon Mar 22 15:29:01 2021,165 [39580] INFO VT - action id selected is 1
Mon Mar 22 15:29:01 2021,165 [39580] DEBUG VT - Exiting getActionid method ...
Mon Mar 22 15:29:01 2021,165 [39580] DEBUG VT - Exiting isPermitted method ...
Mon Mar 22 15:29:01 2021,165 [39580] DEBUG VT - Entering isPermitted(Arrivages,Delete,1746) method ...
Mon Mar 22 15:29:01 2021,165 [39580] DEBUG VT - Entering getActionid(Delete) method ...
Mon Mar 22 15:29:01 2021,165 [39580] INFO VT - get Actionid Delete
Mon Mar 22 15:29:01 2021,166 [39580] INFO VT - action id selected is 2
Mon Mar 22 15:29:01 2021,166 [39580] DEBUG VT - Exiting getActionid method ...
Mon Mar 22 15:29:01 2021,166 [39580] DEBUG VT - Exiting isPermitted method ...
Mon Mar 22 15:29:01 2021,166 [39580] DEBUG VT - Entering isPermitted(Arrivages,CreateView,1746) method ...
Mon Mar 22 15:29:01 2021,166 [39580] DEBUG VT - Entering getActionid(CreateView) method ...
Mon Mar 22 15:29:01 2021,166 [39580] INFO VT - get Actionid CreateView
Mon Mar 22 15:29:01 2021,166 [39580] INFO VT - action id selected is 7
Mon Mar 22 15:29:01 2021,166 [39580] DEBUG VT - Exiting getActionid method ...
Mon Mar 22 15:29:01 2021,166 [39580] DEBUG VT - Exiting isPermitted method ...
Mon Mar 22 15:29:01 2021,167 [39580] DEBUG VT - Prepared sql query being executed : SELECT vtiger_relatedlists.*,vtiger_tab.name as modulename FROM vtiger_relatedlists 
					INNER JOIN vtiger_tab on vtiger_relatedlists.related_tabid = vtiger_tab.tabid
					WHERE vtiger_relatedlists.tabid = ? AND related_tabid != 0 AND vtiger_relatedlists.presence <> 1 AND vtiger_tab.presence <> 1  AND vtiger_relatedlists.name NOT IN (?) ORDER BY sequence
Mon Mar 22 15:29:01 2021,167 [39580] DEBUG VT - Prepared sql query parameters : [50,get_history]
Mon Mar 22 15:29:01 2021,167 [39580] DEBUG VT - Prepared sql query being executed : SELECT * FROM vtiger_links WHERE (tabid=? OR tabid=0) AND linktype IN (?,?)
Mon Mar 22 15:29:01 2021,167 [39580] DEBUG VT - Prepared sql query parameters : [50,DETAILVIEWBASIC,DETAILVIEW]
Mon Mar 22 15:29:01 2021,168 [39580] DEBUG VT - Prepared sql query being executed : SELECT * FROM vtiger_modtracker_tabs WHERE vtiger_modtracker_tabs.visible = 1
								   AND vtiger_modtracker_tabs.tabid=?
Mon Mar 22 15:29:01 2021,168 [39580] DEBUG VT - Prepared sql query parameters : [50]
Mon Mar 22 15:29:01 2021,169 [39580] DEBUG VT - Prepared sql query being executed : SELECT vtiger_relatedlists.*,vtiger_tab.name as modulename FROM vtiger_relatedlists 
					INNER JOIN vtiger_tab on vtiger_relatedlists.related_tabid = vtiger_tab.tabid
					WHERE vtiger_relatedlists.tabid = ? AND related_tabid != 0 AND vtiger_relatedlists.presence <> 1 AND vtiger_tab.presence <> 1  AND vtiger_relatedlists.name NOT IN (?) ORDER BY sequence
Mon Mar 22 15:29:01 2021,169 [39580] DEBUG VT - Prepared sql query parameters : [50,get_history]
Mon Mar 22 15:29:01 2021,169 [39580] DEBUG VT - Prepared sql query being executed : SELECT * FROM vtiger_modtracker_tabs WHERE vtiger_modtracker_tabs.visible = 1
								   AND vtiger_modtracker_tabs.tabid=?
Mon Mar 22 15:29:01 2021,169 [39580] DEBUG VT - Prepared sql query parameters : [50]
Mon Mar 22 15:29:01 2021,169 [39580] DEBUG VT - Prepared sql query being executed : SELECT fieldid FROM vtiger_field WHERE fieldname = ? AND tabid = ?
Mon Mar 22 15:29:01 2021,169 [39580] DEBUG VT - Prepared sql query parameters : [related_to,41]
Mon Mar 22 15:29:01 2021,169 [39580] DEBUG VT - Prepared sql query being executed : SELECT relmodule FROM vtiger_fieldmodulerel WHERE fieldid = ?
Mon Mar 22 15:29:01 2021,169 [39580] DEBUG VT - Prepared sql query parameters : [619]
Mon Mar 22 15:29:01 2021,170 [39580] DEBUG VT - Prepared sql query being executed : SELECT vtiger_relatedlists.*,vtiger_tab.name as modulename FROM vtiger_relatedlists 
					INNER JOIN vtiger_tab on vtiger_relatedlists.related_tabid = vtiger_tab.tabid
					WHERE vtiger_relatedlists.tabid = ? AND related_tabid != 0 AND vtiger_relatedlists.presence <> 1 AND vtiger_tab.presence <> 1  AND vtiger_relatedlists.name NOT IN (?) ORDER BY sequence
Mon Mar 22 15:29:01 2021,170 [39580] DEBUG VT - Prepared sql query parameters : [50,get_history]
Mon Mar 22 15:29:01 2021,170 [39580] DEBUG VT - Prepared sql query being executed : SELECT 1 FROM vtiger_field WHERE uitype=4 and tabid=?
Mon Mar 22 15:29:01 2021,170 [39580] DEBUG VT - Prepared sql query parameters : [50]
Mon Mar 22 15:29:01 2021,171 [39580] DEBUG VT - Entering isPermittedCustomView(77,Detail,Arrivages) method....
Mon Mar 22 15:29:01 2021,171 [39580] DEBUG VT - Prepared sql query being executed : SELECT status, userid FROM vtiger_customview WHERE cvid=?
Mon Mar 22 15:29:01 2021,171 [39580] DEBUG VT - Prepared sql query parameters : [77]
Mon Mar 22 15:29:01 2021,171 [39580] DEBUG VT - Entering when status=0
Mon Mar 22 15:29:01 2021,171 [39580] DEBUG VT - Permission @@@@@@@@@@@@@@@@@@@@@@@@@@@ : yes
Mon Mar 22 15:29:01 2021,171 [39580] DEBUG VT - Exiting isPermittedCustomView(77,Detail,Arrivages) method....
Mon Mar 22 15:29:01 2021,173 [39580] DEBUG VT - Entering getColumnFields(Arrivages) method ...
Mon Mar 22 15:29:01 2021,173 [39580] DEBUG VT - in getColumnFields Arrivages
Mon Mar 22 15:29:01 2021,173 [39580] DEBUG VT - Exiting getColumnFields method ...
Mon Mar 22 15:29:01 2021,173 [39580] DEBUG VT - Entering getColumnFields(Arrivages) method ...
Mon Mar 22 15:29:01 2021,173 [39580] DEBUG VT - in getColumnFields Arrivages
Mon Mar 22 15:29:01 2021,173 [39580] DEBUG VT - Exiting getColumnFields method ...
Mon Mar 22 15:29:01 2021,173 [39580] DEBUG VT - Entering getColumnFields(Arrivages) method ...
Mon Mar 22 15:29:01 2021,173 [39580] DEBUG VT - in getColumnFields Arrivages
Mon Mar 22 15:29:01 2021,173 [39580] DEBUG VT - Exiting getColumnFields method ...
Mon Mar 22 15:29:01 2021,173 [39580] DEBUG VT - Entering getColumnFields(Arrivages) method ...
Mon Mar 22 15:29:01 2021,173 [39580] DEBUG VT - in getColumnFields Arrivages
Mon Mar 22 15:29:01 2021,173 [39580] DEBUG VT - Exiting getColumnFields method ...
Mon Mar 22 15:29:01 2021,173 [39580] DEBUG VT - Prepared sql query being executed : SELECT vtiger_arrivages.name, vtiger_crmentity.smownerid, vtiger_crmentity.createdtime, vtiger_arrivages.arrivagesid FROM vtiger_arrivages  INNER JOIN vtiger_crmentity ON vtiger_arrivages.arrivagesid = vtiger_crmentity.crmid LEFT JOIN vtiger_users ON vtiger_crmentity.smownerid = vtiger_users.id LEFT JOIN vtiger_groups ON vtiger_crmentity.smownerid = vtiger_groups.groupid  WHERE vtiger_crmentity.deleted=0 AND vtiger_arrivages.arrivagesid > 0 ORDER BY vtiger_crmentity.modifiedtime DESC LIMIT 0, 35
Mon Mar 22 15:29:01 2021,175 [39580] DEBUG VT - Entering isPermitted(Arrivages,EditView,1746) method ...
Mon Mar 22 15:29:01 2021,175 [39580] DEBUG VT - Entering getActionid(EditView) method ...
Mon Mar 22 15:29:01 2021,175 [39580] INFO VT - get Actionid EditView
Mon Mar 22 15:29:01 2021,175 [39580] INFO VT - action id selected is 1
Mon Mar 22 15:29:01 2021,175 [39580] DEBUG VT - Exiting getActionid method ...
Mon Mar 22 15:29:01 2021,175 [39580] DEBUG VT - Exiting isPermitted method ...
Mon Mar 22 15:29:01 2021,175 [39580] DEBUG VT - Entering isPermitted(Arrivages,Delete,1746) method ...
Mon Mar 22 15:29:01 2021,175 [39580] DEBUG VT - Entering getActionid(Delete) method ...
Mon Mar 22 15:29:01 2021,176 [39580] INFO VT - get Actionid Delete
Mon Mar 22 15:29:01 2021,176 [39580] INFO VT - action id selected is 2
Mon Mar 22 15:29:01 2021,176 [39580] DEBUG VT - Exiting getActionid method ...
Mon Mar 22 15:29:01 2021,176 [39580] DEBUG VT - Exiting isPermitted method ...
Mon Mar 22 15:29:01 2021,176 [39580] DEBUG VT - Prepared sql query being executed : SELECT * FROM vtiger_links WHERE (tabid=? OR tabid=0) AND linktype IN (?,?)
Mon Mar 22 15:29:01 2021,176 [39580] DEBUG VT - Prepared sql query parameters : [50,DETAILVIEWSIDEBARLINK,DETAILVIEWSIDEBARWIDGET]
Mon Mar 22 15:29:01 2021,176 [39580] DEBUG VT - Prepared sql query being executed : SELECT visible FROM vtiger_homestuff WHERE userid=? AND stufftype='Tag Cloud'
Mon Mar 22 15:29:01 2021,176 [39580] DEBUG VT - Prepared sql query parameters : [1]
Mon Mar 22 15:29:01 2021,177 [39580] DEBUG VT - Prepared sql query being executed : SELECT sourcefield,targetfield,sourcevalue,targetvalues,criteria FROM vtiger_picklist_dependency WHERE tabid=?
Mon Mar 22 15:29:01 2021,177 [39580] DEBUG VT - Prepared sql query parameters : [50]
Mon Mar 22 15:29:01 2021,177 [39580] DEBUG VT - Prepared sql query being executed : SELECT *  FROM vtiger_freetags 
					INNER JOIN vtiger_freetagged_objects ON vtiger_freetags.id = vtiger_freetagged_objects.tag_id 
					WHERE (vtiger_freetagged_objects.tagger_id = ? OR vtiger_freetags.visibility='public')  AND vtiger_freetagged_objects.module=? AND vtiger_freetagged_objects.object_id=? ORDER BY tagged_on 
Mon Mar 22 15:29:01 2021,177 [39580] DEBUG VT - Prepared sql query parameters : [1,Arrivages,1746]
Mon Mar 22 15:29:01 2021,177 [39580] DEBUG VT - Prepared sql query being executed : SELECT * FROM vtiger_freetags WHERE owner=? OR visibility=?
Mon Mar 22 15:29:01 2021,177 [39580] DEBUG VT - Prepared sql query parameters : [1,public]
Mon Mar 22 15:29:01 2021,180 [39580] DEBUG VT - Prepared sql query being executed : SELECT * FROM vtiger_customview WHERE entitytype=?
Mon Mar 22 15:29:01 2021,180 [39580] DEBUG VT - Prepared sql query parameters : [Arrivages]
Mon Mar 22 15:29:01 2021,180 [39580] DEBUG VT - Entering isPermitted(Arrivages,EditView,1746) method ...
Mon Mar 22 15:29:01 2021,180 [39580] DEBUG VT - Entering getActionid(EditView) method ...
Mon Mar 22 15:29:01 2021,180 [39580] INFO VT - get Actionid EditView
Mon Mar 22 15:29:01 2021,180 [39580] INFO VT - action id selected is 1
Mon Mar 22 15:29:01 2021,180 [39580] DEBUG VT - Exiting getActionid method ...
Mon Mar 22 15:29:01 2021,181 [39580] DEBUG VT - Exiting isPermitted method ...
Mon Mar 22 15:29:01 2021,182 [39580] DEBUG VT - Entering isPermitted(Campaigns,CreateView,) method ...
Mon Mar 22 15:29:01 2021,182 [39580] DEBUG VT - Entering getActionid(CreateView) method ...
Mon Mar 22 15:29:01 2021,182 [39580] INFO VT - get Actionid CreateView
Mon Mar 22 15:29:01 2021,182 [39580] INFO VT - action id selected is 7
Mon Mar 22 15:29:01 2021,182 [39580] DEBUG VT - Exiting getActionid method ...
Mon Mar 22 15:29:01 2021,183 [39580] DEBUG VT - Exiting isPermitted method ...
Mon Mar 22 15:29:01 2021,183 [39580] DEBUG VT - Entering isPermitted(Campaigns,CreateView,) method ...
Mon Mar 22 15:29:01 2021,183 [39580] DEBUG VT - Entering getActionid(CreateView) method ...
Mon Mar 22 15:29:01 2021,183 [39580] INFO VT - get Actionid CreateView
Mon Mar 22 15:29:01 2021,183 [39580] INFO VT - action id selected is 7
Mon Mar 22 15:29:01 2021,183 [39580] DEBUG VT - Exiting getActionid method ...
Mon Mar 22 15:29:01 2021,183 [39580] DEBUG VT - Exiting isPermitted method ...
Mon Mar 22 15:29:01 2021,183 [39580] DEBUG VT - Entering isPermitted(Leads,CreateView,) method ...
Mon Mar 22 15:29:01 2021,183 [39580] DEBUG VT - Entering getActionid(CreateView) method ...
Mon Mar 22 15:29:01 2021,183 [39580] INFO VT - get Actionid CreateView
Mon Mar 22 15:29:01 2021,183 [39580] INFO VT - action id selected is 7
Mon Mar 22 15:29:01 2021,183 [39580] DEBUG VT - Exiting getActionid method ...
Mon Mar 22 15:29:01 2021,184 [39580] DEBUG VT - Exiting isPermitted method ...
Mon Mar 22 15:29:01 2021,184 [39580] DEBUG VT - Entering isPermitted(Leads,CreateView,) method ...
Mon Mar 22 15:29:01 2021,184 [39580] DEBUG VT - Entering getActionid(CreateView) method ...
Mon Mar 22 15:29:01 2021,184 [39580] INFO VT - get Actionid CreateView
Mon Mar 22 15:29:01 2021,184 [39580] INFO VT - action id selected is 7
Mon Mar 22 15:29:01 2021,184 [39580] DEBUG VT - Exiting getActionid method ...
Mon Mar 22 15:29:01 2021,184 [39580] DEBUG VT - Exiting isPermitted method ...
Mon Mar 22 15:29:01 2021,184 [39580] DEBUG VT - Entering isPermitted(Contacts,CreateView,) method ...
Mon Mar 22 15:29:01 2021,184 [39580] DEBUG VT - Entering getActionid(CreateView) method ...
Mon Mar 22 15:29:01 2021,184 [39580] INFO VT - get Actionid CreateView
Mon Mar 22 15:29:01 2021,184 [39580] INFO VT - action id selected is 7
Mon Mar 22 15:29:01 2021,184 [39580] DEBUG VT - Exiting getActionid method ...
Mon Mar 22 15:29:01 2021,184 [39580] DEBUG VT - Exiting isPermitted method ...
Mon Mar 22 15:29:01 2021,184 [39580] DEBUG VT - Entering isPermitted(Contacts,CreateView,) method ...
Mon Mar 22 15:29:01 2021,185 [39580] DEBUG VT - Entering getActionid(CreateView) method ...
Mon Mar 22 15:29:01 2021,185 [39580] INFO VT - get Actionid CreateView
Mon Mar 22 15:29:01 2021,185 [39580] INFO VT - action id selected is 7
Mon Mar 22 15:29:01 2021,185 [39580] DEBUG VT - Exiting getActionid method ...
Mon Mar 22 15:29:01 2021,185 [39580] DEBUG VT - Exiting isPermitted method ...
Mon Mar 22 15:29:01 2021,185 [39580] DEBUG VT - Entering isPermitted(Accounts,CreateView,) method ...
Mon Mar 22 15:29:01 2021,185 [39580] DEBUG VT - Entering getActionid(CreateView) method ...
Mon Mar 22 15:29:01 2021,185 [39580] INFO VT - get Actionid CreateView
Mon Mar 22 15:29:01 2021,185 [39580] INFO VT - action id selected is 7
Mon Mar 22 15:29:01 2021,185 [39580] DEBUG VT - Exiting getActionid method ...
Mon Mar 22 15:29:01 2021,185 [39580] DEBUG VT - Exiting isPermitted method ...
Mon Mar 22 15:29:01 2021,185 [39580] DEBUG VT - Entering isPermitted(Accounts,CreateView,) method ...
Mon Mar 22 15:29:01 2021,186 [39580] DEBUG VT - Entering getActionid(CreateView) method ...
Mon Mar 22 15:29:01 2021,186 [39580] INFO VT - get Actionid CreateView
Mon Mar 22 15:29:01 2021,186 [39580] INFO VT - action id selected is 7
Mon Mar 22 15:29:01 2021,186 [39580] DEBUG VT - Exiting getActionid method ...
Mon Mar 22 15:29:01 2021,186 [39580] DEBUG VT - Exiting isPermitted method ...
Mon Mar 22 15:29:01 2021,186 [39580] DEBUG VT - Entering isPermitted(Quotes,CreateView,) method ...
Mon Mar 22 15:29:01 2021,186 [39580] DEBUG VT - Entering getActionid(CreateView) method ...
Mon Mar 22 15:29:01 2021,186 [39580] INFO VT - get Actionid CreateView
Mon Mar 22 15:29:01 2021,186 [39580] INFO VT - action id selected is 7
Mon Mar 22 15:29:01 2021,186 [39580] DEBUG VT - Exiting getActionid method ...
Mon Mar 22 15:29:01 2021,186 [39580] DEBUG VT - Exiting isPermitted method ...
Mon Mar 22 15:29:01 2021,186 [39580] DEBUG VT - Entering isPermitted(Quotes,CreateView,) method ...
Mon Mar 22 15:29:01 2021,186 [39580] DEBUG VT - Entering getActionid(CreateView) method ...
Mon Mar 22 15:29:01 2021,186 [39580] INFO VT - get Actionid CreateView
Mon Mar 22 15:29:01 2021,187 [39580] INFO VT - action id selected is 7
Mon Mar 22 15:29:01 2021,187 [39580] DEBUG VT - Exiting getActionid method ...
Mon Mar 22 15:29:01 2021,187 [39580] DEBUG VT - Exiting isPermitted method ...
Mon Mar 22 15:29:01 2021,187 [39580] DEBUG VT - Entering isPermitted(Invoice,CreateView,) method ...
Mon Mar 22 15:29:01 2021,187 [39580] DEBUG VT - Entering getActionid(CreateView) method ...
Mon Mar 22 15:29:01 2021,187 [39580] INFO VT - get Actionid CreateView
Mon Mar 22 15:29:01 2021,187 [39580] INFO VT - action id selected is 7
Mon Mar 22 15:29:01 2021,187 [39580] DEBUG VT - Exiting getActionid method ...
Mon Mar 22 15:29:01 2021,187 [39580] DEBUG VT - Exiting isPermitted method ...
Mon Mar 22 15:29:01 2021,187 [39580] DEBUG VT - Entering isPermitted(Invoice,CreateView,) method ...
Mon Mar 22 15:29:01 2021,187 [39580] DEBUG VT - Entering getActionid(CreateView) method ...
Mon Mar 22 15:29:01 2021,187 [39580] INFO VT - get Actionid CreateView
Mon Mar 22 15:29:01 2021,187 [39580] INFO VT - action id selected is 7
Mon Mar 22 15:29:01 2021,187 [39580] DEBUG VT - Exiting getActionid method ...
Mon Mar 22 15:29:01 2021,187 [39580] DEBUG VT - Exiting isPermitted method ...
Mon Mar 22 15:29:01 2021,187 [39580] DEBUG VT - Entering isPermitted(HelpDesk,CreateView,) method ...
Mon Mar 22 15:29:01 2021,188 [39580] DEBUG VT - Entering getActionid(CreateView) method ...
Mon Mar 22 15:29:01 2021,188 [39580] INFO VT - get Actionid CreateView
Mon Mar 22 15:29:01 2021,188 [39580] INFO VT - action id selected is 7
Mon Mar 22 15:29:01 2021,188 [39580] DEBUG VT - Exiting getActionid method ...
Mon Mar 22 15:29:01 2021,188 [39580] DEBUG VT - Exiting isPermitted method ...
Mon Mar 22 15:29:01 2021,188 [39580] DEBUG VT - Entering isPermitted(HelpDesk,CreateView,) method ...
Mon Mar 22 15:29:01 2021,188 [39580] DEBUG VT - Entering getActionid(CreateView) method ...
Mon Mar 22 15:29:01 2021,188 [39580] INFO VT - get Actionid CreateView
Mon Mar 22 15:29:01 2021,188 [39580] INFO VT - action id selected is 7
Mon Mar 22 15:29:01 2021,188 [39580] DEBUG VT - Exiting getActionid method ...
Mon Mar 22 15:29:01 2021,188 [39580] DEBUG VT - Exiting isPermitted method ...
Mon Mar 22 15:29:01 2021,188 [39580] DEBUG VT - Entering isPermitted(Faq,CreateView,) method ...
Mon Mar 22 15:29:01 2021,188 [39580] DEBUG VT - Entering getActionid(CreateView) method ...
Mon Mar 22 15:29:01 2021,188 [39580] INFO VT - get Actionid CreateView
Mon Mar 22 15:29:01 2021,189 [39580] INFO VT - action id selected is 7
Mon Mar 22 15:29:01 2021,189 [39580] DEBUG VT - Exiting getActionid method ...
Mon Mar 22 15:29:01 2021,189 [39580] DEBUG VT - Exiting isPermitted method ...
Mon Mar 22 15:29:01 2021,189 [39580] DEBUG VT - Entering isPermitted(Faq,CreateView,) method ...
Mon Mar 22 15:29:01 2021,189 [39580] DEBUG VT - Entering getActionid(CreateView) method ...
Mon Mar 22 15:29:01 2021,189 [39580] INFO VT - get Actionid CreateView
Mon Mar 22 15:29:01 2021,189 [39580] INFO VT - action id selected is 7
Mon Mar 22 15:29:01 2021,189 [39580] DEBUG VT - Exiting getActionid method ...
Mon Mar 22 15:29:01 2021,189 [39580] DEBUG VT - Exiting isPermitted method ...
Mon Mar 22 15:29:01 2021,189 [39580] DEBUG VT - Entering isPermitted(Project,CreateView,) method ...
Mon Mar 22 15:29:01 2021,189 [39580] DEBUG VT - Entering getActionid(CreateView) method ...
Mon Mar 22 15:29:01 2021,189 [39580] INFO VT - get Actionid CreateView
Mon Mar 22 15:29:01 2021,189 [39580] INFO VT - action id selected is 7
Mon Mar 22 15:29:01 2021,189 [39580] DEBUG VT - Exiting getActionid method ...
Mon Mar 22 15:29:01 2021,189 [39580] DEBUG VT - Exiting isPermitted method ...
Mon Mar 22 15:29:01 2021,190 [39580] DEBUG VT - Entering isPermitted(Project,CreateView,) method ...
Mon Mar 22 15:29:01 2021,190 [39580] DEBUG VT - Entering getActionid(CreateView) method ...
Mon Mar 22 15:29:01 2021,190 [39580] INFO VT - get Actionid CreateView
Mon Mar 22 15:29:01 2021,190 [39580] INFO VT - action id selected is 7
Mon Mar 22 15:29:01 2021,190 [39580] DEBUG VT - Exiting getActionid method ...
Mon Mar 22 15:29:01 2021,190 [39580] DEBUG VT - Exiting isPermitted method ...
Mon Mar 22 15:29:01 2021,190 [39580] DEBUG VT - Entering isPermitted(ServiceContracts,CreateView,) method ...
Mon Mar 22 15:29:01 2021,190 [39580] DEBUG VT - Entering getActionid(CreateView) method ...
Mon Mar 22 15:29:01 2021,190 [39580] INFO VT - get Actionid CreateView
Mon Mar 22 15:29:01 2021,190 [39580] INFO VT - action id selected is 7
Mon Mar 22 15:29:01 2021,190 [39580] DEBUG VT - Exiting getActionid method ...
Mon Mar 22 15:29:01 2021,190 [39580] DEBUG VT - Exiting isPermitted method ...
Mon Mar 22 15:29:01 2021,190 [39580] DEBUG VT - Entering isPermitted(ServiceContracts,CreateView,) method ...
Mon Mar 22 15:29:01 2021,191 [39580] DEBUG VT - Entering getActionid(CreateView) method ...
Mon Mar 22 15:29:01 2021,191 [39580] INFO VT - get Actionid CreateView
Mon Mar 22 15:29:01 2021,191 [39580] INFO VT - action id selected is 7
Mon Mar 22 15:29:01 2021,191 [39580] DEBUG VT - Exiting getActionid method ...
Mon Mar 22 15:29:01 2021,191 [39580] DEBUG VT - Exiting isPermitted method ...
Mon Mar 22 15:29:01 2021,191 [39580] DEBUG VT - Entering isPermitted(Products,CreateView,) method ...
Mon Mar 22 15:29:01 2021,191 [39580] DEBUG VT - Entering getActionid(CreateView) method ...
Mon Mar 22 15:29:01 2021,191 [39580] INFO VT - get Actionid CreateView
Mon Mar 22 15:29:01 2021,191 [39580] INFO VT - action id selected is 7
Mon Mar 22 15:29:01 2021,191 [39580] DEBUG VT - Exiting getActionid method ...
Mon Mar 22 15:29:01 2021,191 [39580] DEBUG VT - Exiting isPermitted method ...
Mon Mar 22 15:29:01 2021,191 [39580] DEBUG VT - Entering isPermitted(Products,CreateView,) method ...
Mon Mar 22 15:29:01 2021,192 [39580] DEBUG VT - Entering getActionid(CreateView) method ...
Mon Mar 22 15:29:01 2021,192 [39580] INFO VT - get Actionid CreateView
Mon Mar 22 15:29:01 2021,192 [39580] INFO VT - action id selected is 7
Mon Mar 22 15:29:01 2021,192 [39580] DEBUG VT - Exiting getActionid method ...
Mon Mar 22 15:29:01 2021,192 [39580] DEBUG VT - Exiting isPermitted method ...
Mon Mar 22 15:29:01 2021,192 [39580] DEBUG VT - Entering isPermitted(PriceBooks,CreateView,) method ...
Mon Mar 22 15:29:01 2021,192 [39580] DEBUG VT - Entering getActionid(CreateView) method ...
Mon Mar 22 15:29:01 2021,192 [39580] INFO VT - get Actionid CreateView
Mon Mar 22 15:29:01 2021,192 [39580] INFO VT - action id selected is 7
Mon Mar 22 15:29:01 2021,192 [39580] DEBUG VT - Exiting getActionid method ...
Mon Mar 22 15:29:01 2021,192 [39580] DEBUG VT - Exiting isPermitted method ...
Mon Mar 22 15:29:01 2021,192 [39580] DEBUG VT - Entering isPermitted(PriceBooks,CreateView,) method ...
Mon Mar 22 15:29:01 2021,192 [39580] DEBUG VT - Entering getActionid(CreateView) method ...
Mon Mar 22 15:29:01 2021,193 [39580] INFO VT - get Actionid CreateView
Mon Mar 22 15:29:01 2021,193 [39580] INFO VT - action id selected is 7
Mon Mar 22 15:29:01 2021,193 [39580] DEBUG VT - Exiting getActionid method ...
Mon Mar 22 15:29:01 2021,193 [39580] DEBUG VT - Exiting isPermitted method ...
Mon Mar 22 15:29:01 2021,193 [39580] DEBUG VT - Entering isPermitted(Vendors,CreateView,) method ...
Mon Mar 22 15:29:01 2021,193 [39580] DEBUG VT - Entering getActionid(CreateView) method ...
Mon Mar 22 15:29:01 2021,193 [39580] INFO VT - get Actionid CreateView
Mon Mar 22 15:29:01 2021,193 [39580] INFO VT - action id selected is 7
Mon Mar 22 15:29:01 2021,193 [39580] DEBUG VT - Exiting getActionid method ...
Mon Mar 22 15:29:01 2021,193 [39580] DEBUG VT - Exiting isPermitted method ...
Mon Mar 22 15:29:01 2021,193 [39580] DEBUG VT - Entering isPermitted(Vendors,CreateView,) method ...
Mon Mar 22 15:29:01 2021,193 [39580] DEBUG VT - Entering getActionid(CreateView) method ...
Mon Mar 22 15:29:01 2021,193 [39580] INFO VT - get Actionid CreateView
Mon Mar 22 15:29:01 2021,194 [39580] INFO VT - action id selected is 7
Mon Mar 22 15:29:01 2021,194 [39580] DEBUG VT - Exiting getActionid method ...
Mon Mar 22 15:29:01 2021,194 [39580] DEBUG VT - Exiting isPermitted method ...
Mon Mar 22 15:29:01 2021,194 [39580] DEBUG VT - Entering isPermitted(PurchaseOrder,CreateView,) method ...
Mon Mar 22 15:29:01 2021,194 [39580] DEBUG VT - Entering getActionid(CreateView) method ...
Mon Mar 22 15:29:01 2021,194 [39580] INFO VT - get Actionid CreateView
Mon Mar 22 15:29:01 2021,194 [39580] INFO VT - action id selected is 7
Mon Mar 22 15:29:01 2021,194 [39580] DEBUG VT - Exiting getActionid method ...
Mon Mar 22 15:29:01 2021,194 [39580] DEBUG VT - Exiting isPermitted method ...
Mon Mar 22 15:29:01 2021,194 [39580] DEBUG VT - Entering isPermitted(PurchaseOrder,CreateView,) method ...
Mon Mar 22 15:29:01 2021,194 [39580] DEBUG VT - Entering getActionid(CreateView) method ...
Mon Mar 22 15:29:01 2021,194 [39580] INFO VT - get Actionid CreateView
Mon Mar 22 15:29:01 2021,194 [39580] INFO VT - action id selected is 7
Mon Mar 22 15:29:01 2021,194 [39580] DEBUG VT - Exiting getActionid method ...
Mon Mar 22 15:29:01 2021,194 [39580] DEBUG VT - Exiting isPermitted method ...
Mon Mar 22 15:29:01 2021,194 [39580] DEBUG VT - Entering isPermitted(MailManager,CreateView,) method ...
Mon Mar 22 15:29:01 2021,195 [39580] DEBUG VT - Entering getActionid(CreateView) method ...
Mon Mar 22 15:29:01 2021,195 [39580] INFO VT - get Actionid CreateView
Mon Mar 22 15:29:01 2021,195 [39580] INFO VT - action id selected is 7
Mon Mar 22 15:29:01 2021,195 [39580] DEBUG VT - Exiting getActionid method ...
Mon Mar 22 15:29:01 2021,195 [39580] DEBUG VT - Exiting isPermitted method ...
Mon Mar 22 15:29:01 2021,195 [39580] DEBUG VT - Entering isPermitted(MailManager,CreateView,) method ...
Mon Mar 22 15:29:01 2021,195 [39580] DEBUG VT - Entering getActionid(CreateView) method ...
Mon Mar 22 15:29:01 2021,195 [39580] INFO VT - get Actionid CreateView
Mon Mar 22 15:29:01 2021,195 [39580] INFO VT - action id selected is 7
Mon Mar 22 15:29:01 2021,195 [39580] DEBUG VT - Exiting getActionid method ...
Mon Mar 22 15:29:01 2021,195 [39580] DEBUG VT - Exiting isPermitted method ...
Mon Mar 22 15:29:01 2021,195 [39580] DEBUG VT - Entering isPermitted(Calendar,CreateView,) method ...
Mon Mar 22 15:29:01 2021,195 [39580] DEBUG VT - Entering getActionid(CreateView) method ...
Mon Mar 22 15:29:01 2021,195 [39580] INFO VT - get Actionid CreateView
Mon Mar 22 15:29:01 2021,196 [39580] INFO VT - action id selected is 7
Mon Mar 22 15:29:01 2021,196 [39580] DEBUG VT - Exiting getActionid method ...
Mon Mar 22 15:29:01 2021,196 [39580] DEBUG VT - Exiting isPermitted method ...
Mon Mar 22 15:29:01 2021,196 [39580] DEBUG VT - Entering isPermitted(Calendar,CreateView,) method ...
Mon Mar 22 15:29:01 2021,196 [39580] DEBUG VT - Entering getActionid(CreateView) method ...
Mon Mar 22 15:29:01 2021,196 [39580] INFO VT - get Actionid CreateView
Mon Mar 22 15:29:01 2021,196 [39580] INFO VT - action id selected is 7
Mon Mar 22 15:29:01 2021,196 [39580] DEBUG VT - Exiting getActionid method ...
Mon Mar 22 15:29:01 2021,196 [39580] DEBUG VT - Exiting isPermitted method ...
Mon Mar 22 15:29:01 2021,196 [39580] DEBUG VT - Entering isPermitted(Documents,CreateView,) method ...
Mon Mar 22 15:29:01 2021,196 [39580] DEBUG VT - Entering getActionid(CreateView) method ...
Mon Mar 22 15:29:01 2021,196 [39580] INFO VT - get Actionid CreateView
Mon Mar 22 15:29:01 2021,197 [39580] INFO VT - action id selected is 7
Mon Mar 22 15:29:01 2021,197 [39580] DEBUG VT - Exiting getActionid method ...
Mon Mar 22 15:29:01 2021,197 [39580] DEBUG VT - Exiting isPermitted method ...
Mon Mar 22 15:29:01 2021,197 [39580] DEBUG VT - Entering isPermitted(Documents,CreateView,) method ...
Mon Mar 22 15:29:01 2021,197 [39580] DEBUG VT - Entering getActionid(CreateView) method ...
Mon Mar 22 15:29:01 2021,197 [39580] INFO VT - get Actionid CreateView
Mon Mar 22 15:29:01 2021,197 [39580] INFO VT - action id selected is 7
Mon Mar 22 15:29:01 2021,197 [39580] DEBUG VT - Exiting getActionid method ...
Mon Mar 22 15:29:01 2021,197 [39580] DEBUG VT - Exiting isPermitted method ...
Mon Mar 22 15:29:01 2021,197 [39580] DEBUG VT - Entering isPermitted(RecycleBin,CreateView,) method ...
Mon Mar 22 15:29:01 2021,198 [39580] DEBUG VT - Entering getActionid(CreateView) method ...
Mon Mar 22 15:29:01 2021,198 [39580] INFO VT - get Actionid CreateView
Mon Mar 22 15:29:01 2021,198 [39580] INFO VT - action id selected is 7
Mon Mar 22 15:29:01 2021,198 [39580] DEBUG VT - Exiting getActionid method ...
Mon Mar 22 15:29:01 2021,198 [39580] DEBUG VT - Exiting isPermitted method ...
Mon Mar 22 15:29:01 2021,198 [39580] DEBUG VT - Entering isPermitted(RecycleBin,CreateView,) method ...
Mon Mar 22 15:29:01 2021,198 [39580] DEBUG VT - Entering getActionid(CreateView) method ...
Mon Mar 22 15:29:01 2021,198 [39580] INFO VT - get Actionid CreateView
Mon Mar 22 15:29:01 2021,198 [39580] INFO VT - action id selected is 7
Mon Mar 22 15:29:01 2021,198 [39580] DEBUG VT - Exiting getActionid method ...
Mon Mar 22 15:29:01 2021,198 [39580] DEBUG VT - Exiting isPermitted method ...
Mon Mar 22 15:29:01 2021,198 [39580] DEBUG VT - Entering isPermitted(ProjectTask,CreateView,) method ...
Mon Mar 22 15:29:01 2021,198 [39580] DEBUG VT - Entering getActionid(CreateView) method ...
Mon Mar 22 15:29:01 2021,198 [39580] INFO VT - get Actionid CreateView
Mon Mar 22 15:29:01 2021,199 [39580] INFO VT - action id selected is 7
Mon Mar 22 15:29:01 2021,199 [39580] DEBUG VT - Exiting getActionid method ...
Mon Mar 22 15:29:01 2021,199 [39580] DEBUG VT - Exiting isPermitted method ...
Mon Mar 22 15:29:01 2021,199 [39580] DEBUG VT - Entering isPermitted(ProjectTask,CreateView,) method ...
Mon Mar 22 15:29:01 2021,199 [39580] DEBUG VT - Entering getActionid(CreateView) method ...
Mon Mar 22 15:29:01 2021,199 [39580] INFO VT - get Actionid CreateView
Mon Mar 22 15:29:01 2021,199 [39580] INFO VT - action id selected is 7
Mon Mar 22 15:29:01 2021,199 [39580] DEBUG VT - Exiting getActionid method ...
Mon Mar 22 15:29:01 2021,199 [39580] DEBUG VT - Exiting isPermitted method ...
Mon Mar 22 15:29:01 2021,199 [39580] DEBUG VT - Entering isPermitted(ProjectMilestone,CreateView,) method ...
Mon Mar 22 15:29:01 2021,199 [39580] DEBUG VT - Entering getActionid(CreateView) method ...
Mon Mar 22 15:29:01 2021,199 [39580] INFO VT - get Actionid CreateView
Mon Mar 22 15:29:01 2021,199 [39580] INFO VT - action id selected is 7
Mon Mar 22 15:29:01 2021,199 [39580] DEBUG VT - Exiting getActionid method ...
Mon Mar 22 15:29:01 2021,200 [39580] DEBUG VT - Exiting isPermitted method ...
Mon Mar 22 15:29:01 2021,200 [39580] DEBUG VT - Entering isPermitted(ProjectMilestone,CreateView,) method ...
Mon Mar 22 15:29:01 2021,200 [39580] DEBUG VT - Entering getActionid(CreateView) method ...
Mon Mar 22 15:29:01 2021,200 [39580] INFO VT - get Actionid CreateView
Mon Mar 22 15:29:01 2021,200 [39580] INFO VT - action id selected is 7
Mon Mar 22 15:29:01 2021,200 [39580] DEBUG VT - Exiting getActionid method ...
Mon Mar 22 15:29:01 2021,200 [39580] DEBUG VT - Exiting isPermitted method ...
Mon Mar 22 15:29:01 2021,200 [39580] DEBUG VT - Entering isPermitted(Arrivages,CreateView,) method ...
Mon Mar 22 15:29:01 2021,200 [39580] DEBUG VT - Entering getActionid(CreateView) method ...
Mon Mar 22 15:29:01 2021,200 [39580] INFO VT - get Actionid CreateView
Mon Mar 22 15:29:01 2021,200 [39580] INFO VT - action id selected is 7
Mon Mar 22 15:29:01 2021,200 [39580] DEBUG VT - Exiting getActionid method ...
Mon Mar 22 15:29:01 2021,200 [39580] DEBUG VT - Exiting isPermitted method ...
Mon Mar 22 15:29:01 2021,200 [39580] DEBUG VT - Entering isPermitted(Arrivages,CreateView,) method ...
Mon Mar 22 15:29:01 2021,201 [39580] DEBUG VT - Entering getActionid(CreateView) method ...
Mon Mar 22 15:29:01 2021,201 [39580] INFO VT - get Actionid CreateView
Mon Mar 22 15:29:01 2021,201 [39580] INFO VT - action id selected is 7
Mon Mar 22 15:29:01 2021,201 [39580] DEBUG VT - Exiting getActionid method ...
Mon Mar 22 15:29:01 2021,201 [39580] DEBUG VT - Exiting isPermitted method ...
Mon Mar 22 15:29:01 2021,201 [39580] DEBUG VT - Entering isPermitted(Rss,CreateView,) method ...
Mon Mar 22 15:29:01 2021,201 [39580] DEBUG VT - Entering getActionid(CreateView) method ...
Mon Mar 22 15:29:01 2021,201 [39580] INFO VT - get Actionid CreateView
Mon Mar 22 15:29:01 2021,201 [39580] INFO VT - action id selected is 7
Mon Mar 22 15:29:01 2021,201 [39580] DEBUG VT - Exiting getActionid method ...
Mon Mar 22 15:29:01 2021,201 [39580] DEBUG VT - Exiting isPermitted method ...
Mon Mar 22 15:29:01 2021,201 [39580] DEBUG VT - Entering isPermitted(Rss,CreateView,) method ...
Mon Mar 22 15:29:01 2021,201 [39580] DEBUG VT - Entering getActionid(CreateView) method ...
Mon Mar 22 15:29:01 2021,201 [39580] INFO VT - get Actionid CreateView
Mon Mar 22 15:29:01 2021,202 [39580] INFO VT - action id selected is 7
Mon Mar 22 15:29:01 2021,202 [39580] DEBUG VT - Exiting getActionid method ...
Mon Mar 22 15:29:01 2021,202 [39580] DEBUG VT - Exiting isPermitted method ...
Mon Mar 22 15:29:01 2021,202 [39580] DEBUG VT - Entering isPermitted(EmailTemplates,CreateView,) method ...
Mon Mar 22 15:29:01 2021,202 [39580] DEBUG VT - Entering getActionid(CreateView) method ...
Mon Mar 22 15:29:01 2021,202 [39580] INFO VT - get Actionid CreateView
Mon Mar 22 15:29:01 2021,202 [39580] INFO VT - action id selected is 7
Mon Mar 22 15:29:01 2021,202 [39580] DEBUG VT - Exiting getActionid method ...
Mon Mar 22 15:29:01 2021,202 [39580] DEBUG VT - Exiting isPermitted method ...
Mon Mar 22 15:29:01 2021,202 [39580] DEBUG VT - Entering isPermitted(EmailTemplates,CreateView,) method ...
Mon Mar 22 15:29:01 2021,202 [39580] DEBUG VT - Entering getActionid(CreateView) method ...
Mon Mar 22 15:29:01 2021,202 [39580] INFO VT - get Actionid CreateView
Mon Mar 22 15:29:01 2021,202 [39580] INFO VT - action id selected is 7
Mon Mar 22 15:29:01 2021,202 [39580] DEBUG VT - Exiting getActionid method ...
Mon Mar 22 15:29:01 2021,202 [39580] DEBUG VT - Exiting isPermitted method ...
Mon Mar 22 15:29:01 2021,202 [39580] DEBUG VT - Entering isPermitted(Reports,CreateView,) method ...
Mon Mar 22 15:29:01 2021,203 [39580] DEBUG VT - Entering getActionid(CreateView) method ...
Mon Mar 22 15:29:01 2021,203 [39580] INFO VT - get Actionid CreateView
Mon Mar 22 15:29:01 2021,203 [39580] INFO VT - action id selected is 7
Mon Mar 22 15:29:01 2021,203 [39580] DEBUG VT - Exiting getActionid method ...
Mon Mar 22 15:29:01 2021,203 [39580] DEBUG VT - Exiting isPermitted method ...
Mon Mar 22 15:29:01 2021,203 [39580] DEBUG VT - Entering isPermitted(Reports,CreateView,) method ...
Mon Mar 22 15:29:01 2021,203 [39580] DEBUG VT - Entering getActionid(CreateView) method ...
Mon Mar 22 15:29:01 2021,203 [39580] INFO VT - get Actionid CreateView
Mon Mar 22 15:29:01 2021,203 [39580] INFO VT - action id selected is 7
Mon Mar 22 15:29:01 2021,203 [39580] DEBUG VT - Exiting getActionid method ...
Mon Mar 22 15:29:01 2021,203 [39580] DEBUG VT - Exiting isPermitted method ...
Mon Mar 22 15:29:01 2021,203 [39580] DEBUG VT - Entering isPermitted(Portal,CreateView,) method ...
Mon Mar 22 15:29:01 2021,203 [39580] DEBUG VT - Entering getActionid(CreateView) method ...
Mon Mar 22 15:29:01 2021,203 [39580] INFO VT - get Actionid CreateView
Mon Mar 22 15:29:01 2021,204 [39580] INFO VT - action id selected is 7
Mon Mar 22 15:29:01 2021,204 [39580] DEBUG VT - Exiting getActionid method ...
Mon Mar 22 15:29:01 2021,204 [39580] DEBUG VT - Exiting isPermitted method ...
Mon Mar 22 15:29:01 2021,204 [39580] DEBUG VT - Entering isPermitted(Portal,CreateView,) method ...
Mon Mar 22 15:29:01 2021,204 [39580] DEBUG VT - Entering getActionid(CreateView) method ...
Mon Mar 22 15:29:01 2021,204 [39580] INFO VT - get Actionid CreateView
Mon Mar 22 15:29:01 2021,204 [39580] INFO VT - action id selected is 7
Mon Mar 22 15:29:01 2021,204 [39580] DEBUG VT - Exiting getActionid method ...
Mon Mar 22 15:29:01 2021,204 [39580] DEBUG VT - Exiting isPermitted method ...
Mon Mar 22 15:29:01 2021,205 [39580] DEBUG VT - Prepared sql query being executed : SELECT vtiger_attachments.attachmentsid, vtiger_attachments.path, vtiger_attachments.name FROM vtiger_attachments
                                  LEFT JOIN vtiger_salesmanattachmentsrel ON vtiger_salesmanattachmentsrel.attachmentsid = vtiger_attachments.attachmentsid
                                  WHERE vtiger_salesmanattachmentsrel.smid=?
Mon Mar 22 15:29:01 2021,205 [39580] DEBUG VT - Prepared sql query parameters : [1]
Mon Mar 22 15:29:01 2021,205 [39580] DEBUG VT - Prepared sql query being executed : SELECT rolename from vtiger_role WHERE roleid = ?
Mon Mar 22 15:29:01 2021,205 [39580] DEBUG VT - Prepared sql query parameters : [H2]
Mon Mar 22 15:29:01 2021,206 [39580] DEBUG VT - Prepared sql query being executed : SELECT * FROM vtiger_app2tab WHERE visible = ? ORDER BY appname,sequence
Mon Mar 22 15:29:01 2021,206 [39580] DEBUG VT - Prepared sql query parameters : [1]
Mon Mar 22 15:29:01 2021,210 [39580] DEBUG VT - Prepared sql query being executed : SELECT cvid FROM vtiger_customview WHERE setdefault = 1 AND entitytype = ?
Mon Mar 22 15:29:01 2021,210 [39580] DEBUG VT - Prepared sql query parameters : [Arrivages]
Mon Mar 22 15:29:01 2021,212 [39580] DEBUG VT - Prepared sql query being executed : SELECT * FROM vtiger_reportfolder ORDER BY foldername ASC
Mon Mar 22 15:29:01 2021,218 [39580] DEBUG VT - Entering isPermitted(Arrivages,EditView,1746) method ...
Mon Mar 22 15:29:01 2021,218 [39580] DEBUG VT - Entering getActionid(EditView) method ...
Mon Mar 22 15:29:01 2021,218 [39580] INFO VT - get Actionid EditView
Mon Mar 22 15:29:01 2021,218 [39580] INFO VT - action id selected is 1
Mon Mar 22 15:29:01 2021,218 [39580] DEBUG VT - Exiting getActionid method ...
Mon Mar 22 15:29:01 2021,218 [39580] DEBUG VT - Exiting isPermitted method ...
Mon Mar 22 15:29:01 2021,218 [39580] DEBUG VT - Entering isPermitted(Arrivages,Delete,1746) method ...
Mon Mar 22 15:29:01 2021,218 [39580] DEBUG VT - Entering getActionid(Delete) method ...
Mon Mar 22 15:29:01 2021,218 [39580] INFO VT - get Actionid Delete
Mon Mar 22 15:29:01 2021,218 [39580] INFO VT - action id selected is 2
Mon Mar 22 15:29:01 2021,218 [39580] DEBUG VT - Exiting getActionid method ...
Mon Mar 22 15:29:01 2021,218 [39580] DEBUG VT - Exiting isPermitted method ...
Mon Mar 22 15:29:01 2021,219 [39580] DEBUG VT - Entering isPermitted(Arrivages,CreateView,1746) method ...
Mon Mar 22 15:29:01 2021,219 [39580] DEBUG VT - Entering getActionid(CreateView) method ...
Mon Mar 22 15:29:01 2021,219 [39580] INFO VT - get Actionid CreateView
Mon Mar 22 15:29:01 2021,219 [39580] INFO VT - action id selected is 7
Mon Mar 22 15:29:01 2021,219 [39580] DEBUG VT - Exiting getActionid method ...
Mon Mar 22 15:29:01 2021,219 [39580] DEBUG VT - Exiting isPermitted method ...
Mon Mar 22 15:29:01 2021,219 [39580] DEBUG VT - Prepared sql query being executed : SELECT vtiger_relatedlists.*,vtiger_tab.name as modulename FROM vtiger_relatedlists 
					INNER JOIN vtiger_tab on vtiger_relatedlists.related_tabid = vtiger_tab.tabid
					WHERE vtiger_relatedlists.tabid = ? AND related_tabid != 0 AND vtiger_relatedlists.presence <> 1 AND vtiger_tab.presence <> 1  AND vtiger_relatedlists.name NOT IN (?) ORDER BY sequence
Mon Mar 22 15:29:01 2021,219 [39580] DEBUG VT - Prepared sql query parameters : [50,get_history]
Mon Mar 22 15:29:01 2021,219 [39580] DEBUG VT - Prepared sql query being executed : SELECT * FROM vtiger_modtracker_tabs WHERE vtiger_modtracker_tabs.visible = 1
								   AND vtiger_modtracker_tabs.tabid=?
Mon Mar 22 15:29:01 2021,219 [39580] DEBUG VT - Prepared sql query parameters : [50]
Mon Mar 22 15:29:01 2021,219 [39580] DEBUG VT - Prepared sql query being executed : SELECT vtiger_relatedlists.*,vtiger_tab.name as modulename FROM vtiger_relatedlists 
					INNER JOIN vtiger_tab on vtiger_relatedlists.related_tabid = vtiger_tab.tabid
					WHERE vtiger_relatedlists.tabid = ? AND related_tabid != 0 AND vtiger_relatedlists.presence <> 1 AND vtiger_tab.presence <> 1  AND vtiger_relatedlists.name NOT IN (?) ORDER BY sequence
Mon Mar 22 15:29:01 2021,219 [39580] DEBUG VT - Prepared sql query parameters : [50,get_history]
Mon Mar 22 15:29:01 2021,220 [39580] DEBUG VT - Prepared sql query being executed : SELECT * FROM vtiger_modtracker_tabs WHERE vtiger_modtracker_tabs.visible = 1
								   AND vtiger_modtracker_tabs.tabid=?
Mon Mar 22 15:29:01 2021,220 [39580] DEBUG VT - Prepared sql query parameters : [50]
Mon Mar 22 15:29:01 2021,220 [39580] DEBUG VT - Prepared sql query being executed : SELECT fieldid FROM vtiger_field WHERE fieldname = ? AND tabid = ?
Mon Mar 22 15:29:01 2021,220 [39580] DEBUG VT - Prepared sql query parameters : [related_to,41]
Mon Mar 22 15:29:01 2021,220 [39580] DEBUG VT - Prepared sql query being executed : SELECT relmodule FROM vtiger_fieldmodulerel WHERE fieldid = ?
Mon Mar 22 15:29:01 2021,220 [39580] DEBUG VT - Prepared sql query parameters : [619]
Mon Mar 22 15:29:01 2021,220 [39580] DEBUG VT - Prepared sql query being executed : SELECT vtiger_relatedlists.*,vtiger_tab.name as modulename FROM vtiger_relatedlists 
					INNER JOIN vtiger_tab on vtiger_relatedlists.related_tabid = vtiger_tab.tabid
					WHERE vtiger_relatedlists.tabid = ? AND related_tabid != 0 AND vtiger_relatedlists.presence <> 1 AND vtiger_tab.presence <> 1  AND vtiger_relatedlists.name NOT IN (?) ORDER BY sequence
Mon Mar 22 15:29:01 2021,220 [39580] DEBUG VT - Prepared sql query parameters : [50,get_history]
Mon Mar 22 15:29:01 2021,254 [39580] DEBUG VT - Entering getColumnFields(Arrivages) method ...
Mon Mar 22 15:29:01 2021,254 [39580] DEBUG VT - in getColumnFields Arrivages
Mon Mar 22 15:29:01 2021,254 [39580] DEBUG VT - Exiting getColumnFields method ...
Mon Mar 22 15:29:01 2021,254 [39580] DEBUG VT - Entering getColumnFields(Arrivages) method ...
Mon Mar 22 15:29:01 2021,254 [39580] DEBUG VT - in getColumnFields Arrivages
Mon Mar 22 15:29:01 2021,254 [39580] DEBUG VT - Exiting getColumnFields method ...
Mon Mar 22 15:29:01 2021,255 [39580] DEBUG VT - Prepared sql query being executed : SELECT sourcefield,targetfield,sourcevalue,targetvalues,criteria FROM vtiger_picklist_dependency WHERE tabid=?
Mon Mar 22 15:29:01 2021,255 [39580] DEBUG VT - Prepared sql query parameters : [50]
Mon Mar 22 15:29:01 2021,258 [39580] DEBUG VT - Prepared sql query being executed : SELECT 1 FROM vtiger_users WHERE id = ?
Mon Mar 22 15:29:01 2021,259 [39580] DEBUG VT - Prepared sql query parameters : [1]
Mon Mar 22 15:29:01 2021,259 [39580] DEBUG user - Entering Users() method ...
Mon Mar 22 15:29:01 2021,259 [39580] DEBUG VT - Entering getColumnFields(Users) method ...
Mon Mar 22 15:29:01 2021,259 [39580] DEBUG VT - in getColumnFields Users
Mon Mar 22 15:29:01 2021,259 [39580] DEBUG VT - Exiting getColumnFields method ...
Mon Mar 22 15:29:01 2021,259 [39580] DEBUG user - Exiting Users() method ...
Mon Mar 22 15:29:01 2021,259 [39580] DEBUG VT - Entering getColumnFields(Users) method ...
Mon Mar 22 15:29:01 2021,259 [39580] DEBUG VT - in getColumnFields Users
Mon Mar 22 15:29:01 2021,259 [39580] DEBUG VT - Exiting getColumnFields method ...
Mon Mar 22 15:29:01 2021,259 [39580] DEBUG VT - Prepared sql query being executed : SELECT first_name,last_name, id AS id FROM vtiger_users WHERE id IN (?)
Mon Mar 22 15:29:01 2021,259 [39580] DEBUG VT - Prepared sql query parameters : [1]
Mon Mar 22 15:29:01 2021,259 [39580] DEBUG VT - Prepared sql query being executed : SELECT 1 FROM vtiger_users WHERE id = ?
Mon Mar 22 15:29:01 2021,260 [39580] DEBUG VT - Prepared sql query parameters : [1]
Mon Mar 22 15:29:01 2021,260 [39580] DEBUG user - Entering Users() method ...
Mon Mar 22 15:29:01 2021,260 [39580] DEBUG VT - Entering getColumnFields(Users) method ...
Mon Mar 22 15:29:01 2021,260 [39580] DEBUG VT - in getColumnFields Users
Mon Mar 22 15:29:01 2021,260 [39580] DEBUG VT - Exiting getColumnFields method ...
Mon Mar 22 15:29:01 2021,260 [39580] DEBUG user - Exiting Users() method ...
Mon Mar 22 15:29:01 2021,260 [39580] DEBUG VT - Entering getColumnFields(Users) method ...
Mon Mar 22 15:29:01 2021,260 [39580] DEBUG VT - in getColumnFields Users
Mon Mar 22 15:29:01 2021,260 [39580] DEBUG VT - Exiting getColumnFields method ...
Mon Mar 22 15:29:01 2021,260 [39580] DEBUG VT - Prepared sql query being executed : SELECT first_name,last_name, id AS id FROM vtiger_users WHERE id IN (?)
Mon Mar 22 15:29:01 2021,260 [39580] DEBUG VT - Prepared sql query parameters : [1]
Mon Mar 22 15:29:01 2021,260 [39580] DEBUG VT - Entering getDisplayDate(2021-03-22 15:29:00) method ...
Mon Mar 22 15:29:01 2021,260 [39580] DEBUG VT - Exiting getDisplayDate method ...
Mon Mar 22 15:29:01 2021,260 [39580] DEBUG VT - Entering getDisplayTime(2021-03-22 15:29:00) method ...
Mon Mar 22 15:29:01 2021,261 [39580] DEBUG VT - Exiting getDisplayTime method ...
Mon Mar 22 15:29:01 2021,261 [39580] DEBUG VT - Entering getDisplayDate(2021-03-22 15:29:00) method ...
Mon Mar 22 15:29:01 2021,261 [39580] DEBUG VT - Exiting getDisplayDate method ...
Mon Mar 22 15:29:01 2021,261 [39580] DEBUG VT - Entering getDisplayTime(2021-03-22 15:29:00) method ...
Mon Mar 22 15:29:01 2021,261 [39580] DEBUG VT - Exiting getDisplayTime method ...
Mon Mar 22 15:29:01 2021,261 [39580] DEBUG VT - Entering getDisplayDate(2021-03-22 15:29:00) method ...
Mon Mar 22 15:29:01 2021,261 [39580] DEBUG VT - Exiting getDisplayDate method ...
Mon Mar 22 15:29:01 2021,261 [39580] DEBUG VT - Entering getDisplayTime(2021-03-22 15:29:00) method ...
Mon Mar 22 15:29:01 2021,261 [39580] DEBUG VT - Exiting getDisplayTime method ...
Mon Mar 22 15:29:01 2021,261 [39580] DEBUG VT - Entering getDisplayDate(2021-03-22 15:29:00) method ...
Mon Mar 22 15:29:01 2021,261 [39580] DEBUG VT - Exiting getDisplayDate method ...
Mon Mar 22 15:29:01 2021,261 [39580] DEBUG VT - Entering getDisplayTime(2021-03-22 15:29:00) method ...
Mon Mar 22 15:29:01 2021,262 [39580] DEBUG VT - Exiting getDisplayTime method ...
Mon Mar 22 15:29:01 2021,262 [39580] DEBUG VT - Entering isPermitted(Arrivages,EditView,1746) method ...
Mon Mar 22 15:29:01 2021,262 [39580] DEBUG VT - Entering getActionid(EditView) method ...
Mon Mar 22 15:29:01 2021,262 [39580] INFO VT - get Actionid EditView
Mon Mar 22 15:29:01 2021,262 [39580] INFO VT - action id selected is 1
Mon Mar 22 15:29:01 2021,262 [39580] DEBUG VT - Exiting getActionid method ...
Mon Mar 22 15:29:01 2021,262 [39580] DEBUG VT - Exiting isPermitted method ...
Mon Mar 22 15:29:01 2021,262 [39580] DEBUG VT - Entering isPermitted(Arrivages,Delete,1746) method ...
Mon Mar 22 15:29:01 2021,262 [39580] DEBUG VT - Entering getActionid(Delete) method ...
Mon Mar 22 15:29:01 2021,262 [39580] INFO VT - get Actionid Delete
Mon Mar 22 15:29:01 2021,262 [39580] INFO VT - action id selected is 2
Mon Mar 22 15:29:01 2021,263 [39580] DEBUG VT - Exiting getActionid method ...
Mon Mar 22 15:29:01 2021,263 [39580] DEBUG VT - Exiting isPermitted method ...
Mon Mar 22 15:29:01 2021,263 [39580] DEBUG VT - Entering isPermitted(Arrivages,CreateView,1746) method ...
Mon Mar 22 15:29:01 2021,263 [39580] DEBUG VT - Entering getActionid(CreateView) method ...
Mon Mar 22 15:29:01 2021,263 [39580] INFO VT - get Actionid CreateView
Mon Mar 22 15:29:01 2021,263 [39580] INFO VT - action id selected is 7
Mon Mar 22 15:29:01 2021,263 [39580] DEBUG VT - Exiting getActionid method ...
Mon Mar 22 15:29:01 2021,263 [39580] DEBUG VT - Exiting isPermitted method ...
Mon Mar 22 15:29:01 2021,263 [39580] DEBUG VT - Prepared sql query being executed : SELECT vtiger_relatedlists.*,vtiger_tab.name as modulename FROM vtiger_relatedlists 
					INNER JOIN vtiger_tab on vtiger_relatedlists.related_tabid = vtiger_tab.tabid
					WHERE vtiger_relatedlists.tabid = ? AND related_tabid != 0 AND vtiger_relatedlists.presence <> 1 AND vtiger_tab.presence <> 1  AND vtiger_relatedlists.name NOT IN (?) ORDER BY sequence
Mon Mar 22 15:29:01 2021,263 [39580] DEBUG VT - Prepared sql query parameters : [50,get_history]
Mon Mar 22 15:29:01 2021,263 [39580] DEBUG VT - Prepared sql query being executed : SELECT * FROM vtiger_modtracker_tabs WHERE vtiger_modtracker_tabs.visible = 1
								   AND vtiger_modtracker_tabs.tabid=?
Mon Mar 22 15:29:01 2021,264 [39580] DEBUG VT - Prepared sql query parameters : [50]
Mon Mar 22 15:29:01 2021,264 [39580] DEBUG VT - Prepared sql query being executed : SELECT vtiger_relatedlists.*,vtiger_tab.name as modulename FROM vtiger_relatedlists 
					INNER JOIN vtiger_tab on vtiger_relatedlists.related_tabid = vtiger_tab.tabid
					WHERE vtiger_relatedlists.tabid = ? AND related_tabid != 0 AND vtiger_relatedlists.presence <> 1 AND vtiger_tab.presence <> 1  AND vtiger_relatedlists.name NOT IN (?) ORDER BY sequence
Mon Mar 22 15:29:01 2021,264 [39580] DEBUG VT - Prepared sql query parameters : [50,get_history]
Mon Mar 22 15:29:01 2021,264 [39580] DEBUG VT - Prepared sql query being executed : SELECT * FROM vtiger_modtracker_tabs WHERE vtiger_modtracker_tabs.visible = 1
								   AND vtiger_modtracker_tabs.tabid=?
Mon Mar 22 15:29:01 2021,264 [39580] DEBUG VT - Prepared sql query parameters : [50]
Mon Mar 22 15:29:01 2021,264 [39580] DEBUG VT - Prepared sql query being executed : SELECT fieldid FROM vtiger_field WHERE fieldname = ? AND tabid = ?
Mon Mar 22 15:29:01 2021,264 [39580] DEBUG VT - Prepared sql query parameters : [related_to,41]
Mon Mar 22 15:29:01 2021,264 [39580] DEBUG VT - Prepared sql query being executed : SELECT relmodule FROM vtiger_fieldmodulerel WHERE fieldid = ?
Mon Mar 22 15:29:01 2021,264 [39580] DEBUG VT - Prepared sql query parameters : [619]
Mon Mar 22 15:29:01 2021,265 [39580] DEBUG VT - Prepared sql query being executed : SELECT vtiger_relatedlists.*,vtiger_tab.name as modulename FROM vtiger_relatedlists 
					INNER JOIN vtiger_tab on vtiger_relatedlists.related_tabid = vtiger_tab.tabid
					WHERE vtiger_relatedlists.tabid = ? AND related_tabid != 0 AND vtiger_relatedlists.presence <> 1 AND vtiger_tab.presence <> 1  AND vtiger_relatedlists.name NOT IN (?) ORDER BY sequence
Mon Mar 22 15:29:01 2021,265 [39580] DEBUG VT - Prepared sql query parameters : [50,get_history]
Mon Mar 22 15:29:01 2021,367 [39673] INFO VT - PearDatabase ->ADODB disconnect
Mon Mar 22 15:29:01 2021,437 [39673] DEBUG VT - Prepared sql query being executed : SELECT * FROM vtiger_cron_task WHERE status <> ? ORDER BY SEQUENCE
Mon Mar 22 15:29:01 2021,437 [39673] DEBUG VT - Prepared sql query parameters : [0]
Mon Mar 22 15:29:01 2021,438 [39673] DEBUG VT - Prepared sql query being executed : SELECT id FROM vtiger_users WHERE is_admin = 'on' AND status = 'Active' AND is_owner = 1 limit 1
Mon Mar 22 15:29:01 2021,438 [39673] DEBUG user - Entering Users() method ...
Mon Mar 22 15:29:01 2021,438 [39673] DEBUG VT - Entering getColumnFields(Users) method ...
Mon Mar 22 15:29:01 2021,438 [39673] DEBUG VT - in getColumnFields Users
Mon Mar 22 15:29:01 2021,438 [39673] DEBUG VT - Prepared sql query being executed : SELECT tabid, name, ownedby FROM vtiger_tab
Mon Mar 22 15:29:01 2021,438 [39673] DEBUG VT - Prepared sql query being executed : SELECT tabid, fieldname, fieldid, fieldlabel, columnname, tablename, uitype, typeofdata, presence
		FROM vtiger_field WHERE tabid in (?)
Mon Mar 22 15:29:01 2021,438 [39673] DEBUG VT - Prepared sql query parameters : [29]
Mon Mar 22 15:29:01 2021,439 [39673] DEBUG VT - Exiting getColumnFields method ...
Mon Mar 22 15:29:01 2021,439 [39673] DEBUG user - Exiting Users() method ...
Mon Mar 22 15:29:01 2021,439 [39673] DEBUG VT - Prepared sql query being executed : UPDATE vtiger_cron_task SET status=?, laststart=?, lastend=? WHERE id=?
Mon Mar 22 15:29:01 2021,439 [39673] DEBUG VT - Prepared sql query parameters : [2,1616426941,0,7]
Mon Mar 22 15:29:01 2021,440 [39673] DEBUG user - Entering Users() method ...
Mon Mar 22 15:29:01 2021,440 [39673] DEBUG VT - Entering getColumnFields(Users) method ...
Mon Mar 22 15:29:01 2021,440 [39673] DEBUG VT - in getColumnFields Users
Mon Mar 22 15:29:01 2021,441 [39673] DEBUG VT - Exiting getColumnFields method ...
Mon Mar 22 15:29:01 2021,441 [39673] DEBUG user - Exiting Users() method ...
Mon Mar 22 15:29:01 2021,441 [39673] DEBUG VT - Prepared sql query being executed : SELECT reportid FROM vtiger_schedulereports
								INNER JOIN vtiger_reportmodules ON vtiger_reportmodules.reportmodulesid = vtiger_schedulereports.reportid
								INNER JOIN vtiger_tab ON vtiger_tab.name = vtiger_reportmodules.primarymodule AND presence = 0
								WHERE next_trigger_time <= ? AND next_trigger_time IS NOT NULL
Mon Mar 22 15:29:01 2021,441 [39673] DEBUG VT - Prepared sql query parameters : [2021-03-22 15:29:01]
Mon Mar 22 15:29:01 2021,441 [39673] DEBUG VT - Prepared sql query being executed : UPDATE vtiger_cron_task SET status=?, lastend=? WHERE id=?
Mon Mar 22 15:29:01 2021,441 [39673] DEBUG VT - Prepared sql query parameters : [1,1616426941,7]
Mon Mar 22 15:29:02 2021,512 [39902] INFO VT - PearDatabase ->ADODB disconnect
Mon Mar 22 15:29:02 2021,537 [39902] DEBUG user - Entering Users() method ...
Mon Mar 22 15:29:02 2021,537 [39902] DEBUG VT - Entering getColumnFields(Users) method ...
Mon Mar 22 15:29:02 2021,537 [39902] DEBUG VT - in getColumnFields Users
Mon Mar 22 15:29:02 2021,537 [39902] DEBUG VT - Prepared sql query being executed : SELECT tabid, name, ownedby FROM vtiger_tab
Mon Mar 22 15:29:02 2021,538 [39902] DEBUG VT - Prepared sql query being executed : SELECT tabid, fieldname, fieldid, fieldlabel, columnname, tablename, uitype, typeofdata, presence
		FROM vtiger_field WHERE tabid in (?)
Mon Mar 22 15:29:02 2021,538 [39902] DEBUG VT - Prepared sql query parameters : [29]
Mon Mar 22 15:29:02 2021,539 [39902] DEBUG VT - Exiting getColumnFields method ...
Mon Mar 22 15:29:02 2021,539 [39902] DEBUG user - Exiting Users() method ...
Mon Mar 22 15:29:02 2021,539 [39902] DEBUG VT - Entering getColumnFields(Users) method ...
Mon Mar 22 15:29:02 2021,539 [39902] DEBUG VT - in getColumnFields Users
Mon Mar 22 15:29:02 2021,539 [39902] DEBUG VT - Exiting getColumnFields method ...
Mon Mar 22 15:29:02 2021,541 [39902] DEBUG VT - Prepared sql query being executed : SELECT * FROM vtiger_tab
Mon Mar 22 15:29:02 2021,542 [39902] DEBUG VT - Prepared sql query being executed : SELECT fieldname,modulename,tablename,entityidfield,entityidcolumn from vtiger_entityname
Mon Mar 22 15:29:02 2021,547 [39902] DEBUG VT - Entering isPermitted(Arrivages,DetailView,1746) method ...
Mon Mar 22 15:29:02 2021,547 [39902] DEBUG VT - Entering getActionid(DetailView) method ...
Mon Mar 22 15:29:02 2021,547 [39902] INFO VT - get Actionid DetailView
Mon Mar 22 15:29:02 2021,547 [39902] INFO VT - action id selected is 4
Mon Mar 22 15:29:02 2021,547 [39902] DEBUG VT - Exiting getActionid method ...
Mon Mar 22 15:29:02 2021,548 [39902] DEBUG VT - Exiting isPermitted method ...
Mon Mar 22 15:29:02 2021,548 [39902] DEBUG VT - Prepared sql query being executed : SELECT vtiger_relatedlists.*,vtiger_tab.name as modulename FROM vtiger_relatedlists 
					INNER JOIN vtiger_tab on vtiger_relatedlists.related_tabid = vtiger_tab.tabid
					WHERE vtiger_relatedlists.tabid = ? AND related_tabid != 0 AND vtiger_relatedlists.presence <> 1 AND vtiger_tab.presence <> 1  AND vtiger_relatedlists.name NOT IN (?) ORDER BY sequence
Mon Mar 22 15:29:02 2021,548 [39902] DEBUG VT - Prepared sql query parameters : [50,get_history]
